mode: atomic
github.com/kmcd/xray/internal/connectors/bugsnag/bugsnag.go:40.72,41.16 1 0
github.com/kmcd/xray/internal/connectors/bugsnag/bugsnag.go:41.16,43.3 1 0
github.com/kmcd/xray/internal/connectors/bugsnag/bugsnag.go:44.2,57.8 2 0
github.com/kmcd/xray/internal/connectors/bugsnag/bugsnag.go:62.35,62.55 1 0
github.com/kmcd/xray/internal/connectors/bugsnag/bugsnag.go:66.51,70.2 3 0
github.com/kmcd/xray/internal/connectors/bugsnag/errors.go:42.50,51.17 6 0
github.com/kmcd/xray/internal/connectors/bugsnag/errors.go:51.17,53.20 2 0
github.com/kmcd/xray/internal/connectors/bugsnag/errors.go:53.20,55.4 1 0
github.com/kmcd/xray/internal/connectors/bugsnag/errors.go:56.3,59.19 3 0
github.com/kmcd/xray/internal/connectors/bugsnag/errors.go:59.19,61.4 1 0
github.com/kmcd/xray/internal/connectors/bugsnag/errors.go:63.3,63.54 1 0
github.com/kmcd/xray/internal/connectors/bugsnag/errors.go:63.54,70.4 3 0
github.com/kmcd/xray/internal/connectors/bugsnag/errors.go:72.3,73.72 2 0
github.com/kmcd/xray/internal/connectors/bugsnag/errors.go:73.72,76.4 2 0
github.com/kmcd/xray/internal/connectors/bugsnag/errors.go:77.3,80.26 3 0
github.com/kmcd/xray/internal/connectors/bugsnag/errors.go:80.26,81.37 1 0
github.com/kmcd/xray/internal/connectors/bugsnag/errors.go:81.37,82.13 1 0
github.com/kmcd/xray/internal/connectors/bugsnag/errors.go:84.4,85.57 2 0
github.com/kmcd/xray/internal/connectors/bugsnag/errors.go:85.57,87.5 1 0
github.com/kmcd/xray/internal/connectors/bugsnag/errors.go:88.4,88.10 1 0
github.com/kmcd/xray/internal/connectors/bugsnag/errors.go:91.3,91.30 1 0
github.com/kmcd/xray/internal/connectors/bugsnag/errors.go:94.2,94.24 1 0
github.com/kmcd/xray/internal/connectors/bugsnag/errors.go:99.65,117.25 2 2
github.com/kmcd/xray/internal/connectors/bugsnag/errors.go:117.25,120.3 2 1
github.com/kmcd/xray/internal/connectors/bugsnag/errors.go:121.2,121.22 1 2
github.com/kmcd/xray/internal/connectors/bugsnag/errors.go:121.22,123.3 1 1
github.com/kmcd/xray/internal/connectors/bugsnag/errors.go:124.2,124.12 1 2
github.com/kmcd/xray/internal/connectors/bugsnag/errors.go:134.37,135.18 1 4
github.com/kmcd/xray/internal/connectors/bugsnag/errors.go:135.18,137.3 1 1
github.com/kmcd/xray/internal/connectors/bugsnag/errors.go:138.2,139.16 2 3
github.com/kmcd/xray/internal/connectors/bugsnag/errors.go:139.16,141.3 1 1
github.com/kmcd/xray/internal/connectors/bugsnag/errors.go:142.2,142.13 1 2
github.com/kmcd/xray/internal/connectors/bugsnag/extract.go:18.24,22.48 3 0
github.com/kmcd/xray/internal/connectors/bugsnag/extract.go:22.48,23.30 1 0
github.com/kmcd/xray/internal/connectors/bugsnag/extract.go:23.30,24.12 1 0
github.com/kmcd/xray/internal/connectors/bugsnag/extract.go:26.3,28.16 3 0
github.com/kmcd/xray/internal/connectors/bugsnag/extract.go:28.16,30.4 1 0
github.com/kmcd/xray/internal/connectors/bugsnag/extract.go:31.3,31.17 1 0
github.com/kmcd/xray/internal/connectors/bugsnag/extract.go:31.17,33.4 1 0
github.com/kmcd/xray/internal/connectors/bugsnag/extract.go:36.2,36.13 1 0
github.com/kmcd/xray/internal/connectors/bugsnag/ping.go:13.53,15.16 2 0
github.com/kmcd/xray/internal/connectors/bugsnag/ping.go:15.16,17.3 1 0
github.com/kmcd/xray/internal/connectors/bugsnag/ping.go:18.2,21.16 3 0
github.com/kmcd/xray/internal/connectors/bugsnag/ping.go:21.16,23.3 1 0
github.com/kmcd/xray/internal/connectors/bugsnag/ping.go:24.2,24.15 1 0
github.com/kmcd/xray/internal/connectors/bugsnag/ping.go:24.15,27.3 2 0
github.com/kmcd/xray/internal/connectors/bugsnag/ping.go:29.2,29.48 1 0
github.com/kmcd/xray/internal/connectors/bugsnag/ping.go:29.48,31.3 1 0
github.com/kmcd/xray/internal/connectors/bugsnag/ping.go:32.2,32.53 1 0
github.com/kmcd/xray/internal/connectors/bugsnag/ping.go:32.53,34.3 1 0
github.com/kmcd/xray/internal/connectors/bugsnag/ping.go:35.2,35.12 1 0
github.com/kmcd/xray/internal/config/config.go:64.57,67.16 3 19
github.com/kmcd/xray/internal/config/config.go:67.16,69.3 1 1
github.com/kmcd/xray/internal/config/config.go:71.2,76.22 2 18
github.com/kmcd/xray/internal/config/config.go:76.22,78.17 2 17
github.com/kmcd/xray/internal/config/config.go:78.17,80.4 1 2
github.com/kmcd/xray/internal/config/config.go:81.3,81.17 1 15
github.com/kmcd/xray/internal/config/config.go:84.2,84.44 1 16
github.com/kmcd/xray/internal/config/config.go:84.44,86.3 1 4
github.com/kmcd/xray/internal/config/config.go:87.2,87.51 1 16
github.com/kmcd/xray/internal/config/config.go:87.51,89.48 2 3
github.com/kmcd/xray/internal/config/config.go:89.48,91.4 1 2
github.com/kmcd/xray/internal/config/config.go:92.3,92.64 1 3
github.com/kmcd/xray/internal/config/config.go:94.2,94.46 1 16
github.com/kmcd/xray/internal/config/config.go:94.46,96.3 1 2
github.com/kmcd/xray/internal/config/config.go:97.2,97.44 1 16
github.com/kmcd/xray/internal/config/config.go:97.44,103.3 1 2
github.com/kmcd/xray/internal/config/config.go:104.2,104.45 1 16
github.com/kmcd/xray/internal/config/config.go:104.45,109.3 1 2
github.com/kmcd/xray/internal/config/config.go:110.2,110.47 1 16
github.com/kmcd/xray/internal/config/config.go:110.47,115.3 1 2
github.com/kmcd/xray/internal/config/config.go:117.2,117.24 1 16
github.com/kmcd/xray/internal/config/config.go:123.44,125.21 2 17
github.com/kmcd/xray/internal/config/config.go:125.21,127.3 1 2
github.com/kmcd/xray/internal/config/config.go:128.2,129.16 2 15
github.com/kmcd/xray/internal/config/config.go:129.16,131.3 1 0
github.com/kmcd/xray/internal/config/config.go:132.2,133.16 2 15
github.com/kmcd/xray/internal/config/config.go:133.16,135.3 1 0
github.com/kmcd/xray/internal/config/config.go:136.2,136.52 1 15
github.com/kmcd/xray/internal/config/types.go:61.49,62.35 1 0
github.com/kmcd/xray/internal/config/types.go:62.35,63.27 1 0
github.com/kmcd/xray/internal/config/types.go:63.27,64.17 1 0
github.com/kmcd/xray/internal/config/types.go:64.17,66.5 1 0
github.com/kmcd/xray/internal/config/types.go:69.2,69.11 1 0
github.com/kmcd/xray/internal/config/types.go:73.38,76.32 3 0
github.com/kmcd/xray/internal/config/types.go:76.32,77.27 1 0
github.com/kmcd/xray/internal/config/types.go:77.27,78.16 1 0
github.com/kmcd/xray/internal/config/types.go:78.16,81.5 2 0
github.com/kmcd/xray/internal/config/types.go:84.2,84.12 1 0
github.com/kmcd/xray/internal/config/validate.go:26.36,28.2 1 16
github.com/kmcd/xray/internal/config/validate.go:40.75,44.33 3 15
github.com/kmcd/xray/internal/config/validate.go:44.33,51.3 1 15
github.com/kmcd/xray/internal/config/validate.go:54.2,54.26 1 15
github.com/kmcd/xray/internal/config/validate.go:54.26,56.3 1 1
github.com/kmcd/xray/internal/config/validate.go:56.8,56.52 1 14
github.com/kmcd/xray/internal/config/validate.go:56.52,58.3 1 1
github.com/kmcd/xray/internal/config/validate.go:61.2,61.25 1 15
github.com/kmcd/xray/internal/config/validate.go:61.25,63.3 1 1
github.com/kmcd/xray/internal/config/validate.go:63.8,67.28 3 14
github.com/kmcd/xray/internal/config/validate.go:67.28,69.4 1 15
github.com/kmcd/xray/internal/config/validate.go:70.3,73.30 2 14
github.com/kmcd/xray/internal/config/validate.go:73.30,75.27 2 15
github.com/kmcd/xray/internal/config/validate.go:75.27,77.5 1 1
github.com/kmcd/xray/internal/config/validate.go:78.4,79.23 2 15
github.com/kmcd/xray/internal/config/validate.go:79.23,81.13 2 1
github.com/kmcd/xray/internal/config/validate.go:83.4,84.28 2 14
github.com/kmcd/xray/internal/config/validate.go:84.28,85.35 1 15
github.com/kmcd/xray/internal/config/validate.go:85.35,87.6 1 1
github.com/kmcd/xray/internal/config/validate.go:90.3,90.15 1 14
github.com/kmcd/xray/internal/config/validate.go:90.15,92.4 1 1
github.com/kmcd/xray/internal/config/validate.go:97.3,98.30 2 14
github.com/kmcd/xray/internal/config/validate.go:98.30,99.38 1 15
github.com/kmcd/xray/internal/config/validate.go:99.38,100.51 1 15
github.com/kmcd/xray/internal/config/validate.go:100.51,103.14 2 1
github.com/kmcd/xray/internal/config/validate.go:105.5,105.31 1 14
github.com/kmcd/xray/internal/config/validate.go:105.31,107.6 1 14
github.com/kmcd/xray/internal/config/validate.go:113.2,115.21 2 15
github.com/kmcd/xray/internal/config/validate.go:115.21,116.27 1 3
github.com/kmcd/xray/internal/config/validate.go:116.27,118.4 1 1
github.com/kmcd/xray/internal/config/validate.go:121.2,121.28 1 15
github.com/kmcd/xray/internal/config/validate.go:121.28,122.22 1 2
github.com/kmcd/xray/internal/config/validate.go:122.22,125.4 1 1
github.com/kmcd/xray/internal/config/validate.go:125.9,125.65 1 1
github.com/kmcd/xray/internal/config/validate.go:125.65,130.4 1 0
github.com/kmcd/xray/internal/config/validate.go:133.2,133.23 1 15
github.com/kmcd/xray/internal/config/validate.go:133.23,134.29 1 1
github.com/kmcd/xray/internal/config/validate.go:134.29,136.4 1 1
github.com/kmcd/xray/internal/config/validate.go:139.2,139.21 1 15
github.com/kmcd/xray/internal/config/validate.go:139.21,140.27 1 1
github.com/kmcd/xray/internal/config/validate.go:140.27,142.4 1 0
github.com/kmcd/xray/internal/config/validate.go:143.3,143.34 1 1
github.com/kmcd/xray/internal/config/validate.go:143.34,145.4 1 1
github.com/kmcd/xray/internal/config/validate.go:146.3,146.34 1 1
github.com/kmcd/xray/internal/config/validate.go:146.34,148.4 1 1
github.com/kmcd/xray/internal/config/validate.go:151.2,151.22 1 15
github.com/kmcd/xray/internal/config/validate.go:151.22,152.28 1 1
github.com/kmcd/xray/internal/config/validate.go:152.28,154.4 1 0
github.com/kmcd/xray/internal/config/validate.go:155.3,155.35 1 1
github.com/kmcd/xray/internal/config/validate.go:155.35,157.4 1 1
github.com/kmcd/xray/internal/config/validate.go:160.2,160.24 1 15
github.com/kmcd/xray/internal/config/validate.go:160.24,161.30 1 1
github.com/kmcd/xray/internal/config/validate.go:161.30,163.4 1 0
github.com/kmcd/xray/internal/config/validate.go:164.3,164.32 1 1
github.com/kmcd/xray/internal/config/validate.go:164.32,166.4 1 1
github.com/kmcd/xray/internal/config/validate.go:169.2,169.44 1 15
github.com/kmcd/xray/internal/config/validate.go:169.44,170.33 1 2
github.com/kmcd/xray/internal/config/validate.go:170.33,172.4 1 1
github.com/kmcd/xray/internal/config/validate.go:173.3,173.35 1 1
github.com/kmcd/xray/internal/config/validate.go:175.2,175.12 1 15
github.com/kmcd/xray/internal/config/validate.go:178.35,179.22 1 15
github.com/kmcd/xray/internal/config/validate.go:179.22,180.25 1 67
github.com/kmcd/xray/internal/config/validate.go:180.25,182.4 1 1
github.com/kmcd/xray/internal/config/validate.go:184.2,184.14 1 14
github.com/kmcd/xray/internal/config/validate.go:194.45,197.16 3 15
github.com/kmcd/xray/internal/config/validate.go:197.16,199.3 1 0
github.com/kmcd/xray/internal/config/validate.go:200.2,207.21 6 15
github.com/kmcd/xray/internal/config/validate.go:207.21,210.49 3 57
github.com/kmcd/xray/internal/config/validate.go:210.49,211.12 1 0
github.com/kmcd/xray/internal/config/validate.go:213.3,213.35 1 57
github.com/kmcd/xray/internal/config/validate.go:213.35,216.15 2 23
github.com/kmcd/xray/internal/config/validate.go:216.15,217.13 1 0
github.com/kmcd/xray/internal/config/validate.go:219.4,225.41 6 23
github.com/kmcd/xray/internal/config/validate.go:225.41,227.5 1 23
github.com/kmcd/xray/internal/config/validate.go:228.4,228.12 1 23
github.com/kmcd/xray/internal/config/validate.go:231.3,232.13 2 34
github.com/kmcd/xray/internal/config/validate.go:232.13,233.12 1 0
github.com/kmcd/xray/internal/config/validate.go:235.3,238.25 4 34
github.com/kmcd/xray/internal/config/validate.go:238.25,240.4 1 20
github.com/kmcd/xray/internal/config/validate.go:241.3,241.38 1 34
github.com/kmcd/xray/internal/config/validate.go:241.38,243.4 1 34
github.com/kmcd/xray/internal/config/validate.go:245.2,245.12 1 15
github.com/kmcd/xray/internal/config/validate.go:252.54,253.29 1 15
github.com/kmcd/xray/internal/config/validate.go:253.29,255.3 1 13
github.com/kmcd/xray/internal/config/validate.go:256.2,257.38 2 2
github.com/kmcd/xray/internal/config/validate.go:257.38,259.32 2 0
github.com/kmcd/xray/internal/config/validate.go:259.32,261.4 1 0
github.com/kmcd/xray/internal/config/validate.go:263.2,263.10 1 2
github.com/kmcd/xray/internal/connectors/honeycomb/extract.go:16.138,19.30 2 0
github.com/kmcd/xray/internal/connectors/honeycomb/extract.go:19.30,25.3 2 0
github.com/kmcd/xray/internal/connectors/honeycomb/extract.go:27.2,29.15 3 0
github.com/kmcd/xray/internal/connectors/honeycomb/extract.go:29.15,31.3 1 0
github.com/kmcd/xray/internal/connectors/honeycomb/extract.go:32.2,32.16 1 0
github.com/kmcd/xray/internal/connectors/honeycomb/extract.go:32.16,34.3 1 0
github.com/kmcd/xray/internal/connectors/honeycomb/extract.go:36.2,37.19 2 0
github.com/kmcd/xray/internal/connectors/honeycomb/extract.go:37.19,39.3 1 0
github.com/kmcd/xray/internal/connectors/honeycomb/extract.go:41.2,41.13 1 0
github.com/kmcd/xray/internal/connectors/honeycomb/honeycomb.go:40.74,41.16 1 0
github.com/kmcd/xray/internal/connectors/honeycomb/honeycomb.go:41.16,43.3 1 0
github.com/kmcd/xray/internal/connectors/honeycomb/honeycomb.go:44.2,57.8 2 0
github.com/kmcd/xray/internal/connectors/honeycomb/honeycomb.go:62.35,62.57 1 0
github.com/kmcd/xray/internal/connectors/honeycomb/honeycomb.go:65.51,68.2 2 0
github.com/kmcd/xray/internal/connectors/honeycomb/honeycomb.go:77.50,80.23 3 0
github.com/kmcd/xray/internal/connectors/honeycomb/honeycomb.go:80.23,82.3 1 0
github.com/kmcd/xray/internal/connectors/honeycomb/honeycomb.go:83.2,83.28 1 0
github.com/kmcd/xray/internal/connectors/honeycomb/honeycomb.go:88.41,92.2 3 0
github.com/kmcd/xray/internal/connectors/honeycomb/markers.go:36.72,39.16 3 0
github.com/kmcd/xray/internal/connectors/honeycomb/markers.go:39.16,41.3 1 0
github.com/kmcd/xray/internal/connectors/honeycomb/markers.go:42.2,45.16 3 0
github.com/kmcd/xray/internal/connectors/honeycomb/markers.go:45.16,47.3 1 0
github.com/kmcd/xray/internal/connectors/honeycomb/markers.go:48.2,48.15 1 0
github.com/kmcd/xray/internal/connectors/honeycomb/markers.go:48.15,51.3 2 0
github.com/kmcd/xray/internal/connectors/honeycomb/markers.go:53.2,53.48 1 0
github.com/kmcd/xray/internal/connectors/honeycomb/markers.go:53.48,55.3 1 0
github.com/kmcd/xray/internal/connectors/honeycomb/markers.go:56.2,56.53 1 0
github.com/kmcd/xray/internal/connectors/honeycomb/markers.go:56.53,58.3 1 0
github.com/kmcd/xray/internal/connectors/honeycomb/markers.go:60.2,61.16 2 0
github.com/kmcd/xray/internal/connectors/honeycomb/markers.go:61.16,63.3 1 0
github.com/kmcd/xray/internal/connectors/honeycomb/markers.go:64.2,65.51 2 0
github.com/kmcd/xray/internal/connectors/honeycomb/markers.go:65.51,67.3 1 0
github.com/kmcd/xray/internal/connectors/honeycomb/markers.go:68.2,68.17 1 0
github.com/kmcd/xray/internal/connectors/honeycomb/markers.go:74.61,89.2 1 2
github.com/kmcd/xray/internal/connectors/honeycomb/markers.go:93.139,95.16 2 0
github.com/kmcd/xray/internal/connectors/honeycomb/markers.go:95.16,97.3 1 0
github.com/kmcd/xray/internal/connectors/honeycomb/markers.go:99.2,100.28 2 0
github.com/kmcd/xray/internal/connectors/honeycomb/markers.go:100.28,101.35 1 0
github.com/kmcd/xray/internal/connectors/honeycomb/markers.go:101.35,103.4 1 0
github.com/kmcd/xray/internal/connectors/honeycomb/markers.go:104.3,104.23 1 0
github.com/kmcd/xray/internal/connectors/honeycomb/markers.go:104.23,105.12 1 0
github.com/kmcd/xray/internal/connectors/honeycomb/markers.go:107.3,108.26 2 0
github.com/kmcd/xray/internal/connectors/honeycomb/markers.go:108.26,109.12 1 0
github.com/kmcd/xray/internal/connectors/honeycomb/markers.go:111.3,112.46 2 0
github.com/kmcd/xray/internal/connectors/honeycomb/markers.go:112.46,114.4 1 0
github.com/kmcd/xray/internal/connectors/honeycomb/markers.go:115.3,115.9 1 0
github.com/kmcd/xray/internal/connectors/honeycomb/markers.go:117.2,117.24 1 0
github.com/kmcd/xray/internal/connectors/honeycomb/ping.go:12.53,14.16 2 0
github.com/kmcd/xray/internal/connectors/honeycomb/ping.go:14.16,16.3 1 0
github.com/kmcd/xray/internal/connectors/honeycomb/ping.go:17.2,20.16 3 0
github.com/kmcd/xray/internal/connectors/honeycomb/ping.go:20.16,22.3 1 0
github.com/kmcd/xray/internal/connectors/honeycomb/ping.go:23.2,23.15 1 0
github.com/kmcd/xray/internal/connectors/honeycomb/ping.go:23.15,26.3 2 0
github.com/kmcd/xray/internal/connectors/honeycomb/ping.go:28.2,28.48 1 0
github.com/kmcd/xray/internal/connectors/honeycomb/ping.go:28.48,30.3 1 0
github.com/kmcd/xray/internal/connectors/honeycomb/ping.go:31.2,31.53 1 0
github.com/kmcd/xray/internal/connectors/honeycomb/ping.go:31.53,33.3 1 0
github.com/kmcd/xray/internal/connectors/honeycomb/ping.go:34.2,34.12 1 0
github.com/kmcd/xray/internal/connectors/honeycomb/slo.go:37.66,40.16 3 0
github.com/kmcd/xray/internal/connectors/honeycomb/slo.go:40.16,42.3 1 0
github.com/kmcd/xray/internal/connectors/honeycomb/slo.go:43.2,46.16 3 0
github.com/kmcd/xray/internal/connectors/honeycomb/slo.go:46.16,48.3 1 0
github.com/kmcd/xray/internal/connectors/honeycomb/slo.go:49.2,49.15 1 0
github.com/kmcd/xray/internal/connectors/honeycomb/slo.go:49.15,52.3 2 0
github.com/kmcd/xray/internal/connectors/honeycomb/slo.go:54.2,54.53 1 0
github.com/kmcd/xray/internal/connectors/honeycomb/slo.go:54.53,56.3 1 0
github.com/kmcd/xray/internal/connectors/honeycomb/slo.go:57.2,58.16 2 0
github.com/kmcd/xray/internal/connectors/honeycomb/slo.go:58.16,60.3 1 0
github.com/kmcd/xray/internal/connectors/honeycomb/slo.go:61.2,62.51 2 0
github.com/kmcd/xray/internal/connectors/honeycomb/slo.go:62.51,64.3 1 0
github.com/kmcd/xray/internal/connectors/honeycomb/slo.go:65.2,65.17 1 0
github.com/kmcd/xray/internal/connectors/honeycomb/slo.go:70.92,72.16 2 0
github.com/kmcd/xray/internal/connectors/honeycomb/slo.go:72.16,74.3 1 0
github.com/kmcd/xray/internal/connectors/honeycomb/slo.go:75.2,80.16 5 0
github.com/kmcd/xray/internal/connectors/honeycomb/slo.go:80.16,82.3 1 0
github.com/kmcd/xray/internal/connectors/honeycomb/slo.go:83.2,86.16 3 0
github.com/kmcd/xray/internal/connectors/honeycomb/slo.go:86.16,88.3 1 0
github.com/kmcd/xray/internal/connectors/honeycomb/slo.go:89.2,89.15 1 0
github.com/kmcd/xray/internal/connectors/honeycomb/slo.go:89.15,92.3 2 0
github.com/kmcd/xray/internal/connectors/honeycomb/slo.go:94.2,94.53 1 0
github.com/kmcd/xray/internal/connectors/honeycomb/slo.go:94.53,96.3 1 0
github.com/kmcd/xray/internal/connectors/honeycomb/slo.go:97.2,98.16 2 0
github.com/kmcd/xray/internal/connectors/honeycomb/slo.go:98.16,100.3 1 0
github.com/kmcd/xray/internal/connectors/honeycomb/slo.go:101.2,102.51 2 0
github.com/kmcd/xray/internal/connectors/honeycomb/slo.go:102.51,104.3 1 0
github.com/kmcd/xray/internal/connectors/honeycomb/slo.go:105.2,105.17 1 0
github.com/kmcd/xray/internal/connectors/honeycomb/slo.go:112.54,113.55 1 7
github.com/kmcd/xray/internal/connectors/honeycomb/slo.go:113.55,115.3 1 3
github.com/kmcd/xray/internal/connectors/honeycomb/slo.go:116.2,116.18 1 4
github.com/kmcd/xray/internal/connectors/honeycomb/slo.go:123.79,124.23 1 3
github.com/kmcd/xray/internal/connectors/honeycomb/slo.go:124.23,126.3 1 1
github.com/kmcd/xray/internal/connectors/honeycomb/slo.go:127.2,128.16 2 2
github.com/kmcd/xray/internal/connectors/honeycomb/slo.go:128.16,130.3 1 1
github.com/kmcd/xray/internal/connectors/honeycomb/slo.go:131.2,137.9 1 1
github.com/kmcd/xray/internal/connectors/honeycomb/slo.go:143.126,145.16 2 0
github.com/kmcd/xray/internal/connectors/honeycomb/slo.go:145.16,149.3 2 0
github.com/kmcd/xray/internal/connectors/honeycomb/slo.go:151.2,152.25 2 0
github.com/kmcd/xray/internal/connectors/honeycomb/slo.go:152.25,153.35 1 0
github.com/kmcd/xray/internal/connectors/honeycomb/slo.go:153.35,155.4 1 0
github.com/kmcd/xray/internal/connectors/honeycomb/slo.go:156.3,157.17 2 0
github.com/kmcd/xray/internal/connectors/honeycomb/slo.go:157.17,160.12 2 0
github.com/kmcd/xray/internal/connectors/honeycomb/slo.go:162.3,162.28 1 0
github.com/kmcd/xray/internal/connectors/honeycomb/slo.go:162.28,164.11 2 0
github.com/kmcd/xray/internal/connectors/honeycomb/slo.go:164.11,165.13 1 0
github.com/kmcd/xray/internal/connectors/honeycomb/slo.go:167.4,167.38 1 0
github.com/kmcd/xray/internal/connectors/honeycomb/slo.go:167.38,168.13 1 0
github.com/kmcd/xray/internal/connectors/honeycomb/slo.go:170.4,170.51 1 0
github.com/kmcd/xray/internal/connectors/honeycomb/slo.go:170.51,173.13 2 0
github.com/kmcd/xray/internal/connectors/honeycomb/slo.go:175.4,175.10 1 0
github.com/kmcd/xray/internal/connectors/honeycomb/slo.go:178.2,178.13 1 0
github.com/kmcd/xray/internal/connectors/githubactions/builds.go:23.3,35.6 3 0
github.com/kmcd/xray/internal/connectors/githubactions/builds.go:35.6,36.35 1 0
github.com/kmcd/xray/internal/connectors/githubactions/builds.go:36.35,40.4 3 0
github.com/kmcd/xray/internal/connectors/githubactions/builds.go:42.3,43.17 2 0
github.com/kmcd/xray/internal/connectors/githubactions/builds.go:43.17,47.4 3 0
github.com/kmcd/xray/internal/connectors/githubactions/builds.go:48.3,48.18 1 0
github.com/kmcd/xray/internal/connectors/githubactions/builds.go:48.18,49.9 1 0
github.com/kmcd/xray/internal/connectors/githubactions/builds.go:52.3,52.41 1 0
github.com/kmcd/xray/internal/connectors/githubactions/builds.go:52.41,53.18 1 0
github.com/kmcd/xray/internal/connectors/githubactions/builds.go:53.18,54.13 1 0
github.com/kmcd/xray/internal/connectors/githubactions/builds.go:56.4,59.37 2 0
github.com/kmcd/xray/internal/connectors/githubactions/builds.go:59.37,60.13 1 0
github.com/kmcd/xray/internal/connectors/githubactions/builds.go:62.4,62.46 1 0
github.com/kmcd/xray/internal/connectors/githubactions/builds.go:62.46,65.5 2 0
github.com/kmcd/xray/internal/connectors/githubactions/builds.go:66.4,68.62 2 0
github.com/kmcd/xray/internal/connectors/githubactions/builds.go:71.3,71.40 1 0
github.com/kmcd/xray/internal/connectors/githubactions/builds.go:71.40,72.9 1 0
github.com/kmcd/xray/internal/connectors/githubactions/builds.go:74.3,74.28 1 0
github.com/kmcd/xray/internal/connectors/githubactions/builds.go:85.3,87.16 2 0
github.com/kmcd/xray/internal/connectors/githubactions/builds.go:87.16,89.3 1 0
github.com/kmcd/xray/internal/connectors/githubactions/builds.go:91.2,94.6 2 0
github.com/kmcd/xray/internal/connectors/githubactions/builds.go:94.6,95.35 1 0
github.com/kmcd/xray/internal/connectors/githubactions/builds.go:95.35,99.4 3 0
github.com/kmcd/xray/internal/connectors/githubactions/builds.go:100.3,101.17 2 0
github.com/kmcd/xray/internal/connectors/githubactions/builds.go:101.17,105.4 3 0
github.com/kmcd/xray/internal/connectors/githubactions/builds.go:106.3,106.18 1 0
github.com/kmcd/xray/internal/connectors/githubactions/builds.go:106.18,107.9 1 0
github.com/kmcd/xray/internal/connectors/githubactions/builds.go:109.3,109.31 1 0
github.com/kmcd/xray/internal/connectors/githubactions/builds.go:109.31,110.16 1 0
github.com/kmcd/xray/internal/connectors/githubactions/builds.go:110.16,111.13 1 0
github.com/kmcd/xray/internal/connectors/githubactions/builds.go:113.4,114.50 2 0
github.com/kmcd/xray/internal/connectors/githubactions/builds.go:114.50,117.5 2 0
github.com/kmcd/xray/internal/connectors/githubactions/builds.go:118.4,118.37 1 0
github.com/kmcd/xray/internal/connectors/githubactions/builds.go:120.3,120.40 1 0
github.com/kmcd/xray/internal/connectors/githubactions/builds.go:120.40,121.9 1 0
github.com/kmcd/xray/internal/connectors/githubactions/builds.go:123.3,123.29 1 0
github.com/kmcd/xray/internal/connectors/githubactions/builds.go:135.69,140.29 4 3
github.com/kmcd/xray/internal/connectors/githubactions/builds.go:140.29,143.3 2 1
github.com/kmcd/xray/internal/connectors/githubactions/builds.go:144.2,144.26 1 3
github.com/kmcd/xray/internal/connectors/githubactions/builds.go:144.26,147.3 2 1
github.com/kmcd/xray/internal/connectors/githubactions/builds.go:148.2,149.44 2 3
github.com/kmcd/xray/internal/connectors/githubactions/builds.go:149.44,151.12 2 1
github.com/kmcd/xray/internal/connectors/githubactions/builds.go:151.12,153.4 1 0
github.com/kmcd/xray/internal/connectors/githubactions/builds.go:154.3,154.23 1 1
github.com/kmcd/xray/internal/connectors/githubactions/builds.go:157.2,158.26 2 3
github.com/kmcd/xray/internal/connectors/githubactions/builds.go:158.26,160.3 1 3
github.com/kmcd/xray/internal/connectors/githubactions/builds.go:162.2,163.98 2 3
github.com/kmcd/xray/internal/connectors/githubactions/builds.go:163.98,166.3 2 1
github.com/kmcd/xray/internal/connectors/githubactions/builds.go:168.2,169.17 2 3
github.com/kmcd/xray/internal/connectors/githubactions/builds.go:169.17,171.3 1 1
github.com/kmcd/xray/internal/connectors/githubactions/builds.go:173.2,190.3 1 3
github.com/kmcd/xray/internal/connectors/githubactions/builds.go:195.99,197.48 2 2
github.com/kmcd/xray/internal/connectors/githubactions/builds.go:197.48,199.12 2 1
github.com/kmcd/xray/internal/connectors/githubactions/builds.go:199.12,201.4 1 0
github.com/kmcd/xray/internal/connectors/githubactions/builds.go:202.3,202.16 1 1
github.com/kmcd/xray/internal/connectors/githubactions/builds.go:204.2,212.3 1 2
github.com/kmcd/xray/internal/connectors/githubactions/builds.go:215.46,216.41 1 3
github.com/kmcd/xray/internal/connectors/githubactions/builds.go:216.41,218.3 1 1
github.com/kmcd/xray/internal/connectors/githubactions/builds.go:219.2,219.25 1 2
github.com/kmcd/xray/internal/connectors/githubactions/builds.go:219.25,221.3 1 0
github.com/kmcd/xray/internal/connectors/githubactions/builds.go:222.2,222.24 1 2
github.com/kmcd/xray/internal/connectors/githubactions/builds.go:225.33,226.14 1 32
github.com/kmcd/xray/internal/connectors/githubactions/builds.go:226.14,228.3 1 17
github.com/kmcd/xray/internal/connectors/githubactions/builds.go:229.2,229.11 1 15
github.com/kmcd/xray/internal/connectors/githubactions/builds.go:232.30,233.14 1 5
github.com/kmcd/xray/internal/connectors/githubactions/builds.go:233.14,235.3 1 0
github.com/kmcd/xray/internal/connectors/githubactions/builds.go:236.2,236.11 1 5
github.com/kmcd/xray/internal/connectors/githubactions/deploys.go:24.3,29.6 2 0
github.com/kmcd/xray/internal/connectors/githubactions/deploys.go:29.6,30.35 1 0
github.com/kmcd/xray/internal/connectors/githubactions/deploys.go:30.35,34.4 3 0
github.com/kmcd/xray/internal/connectors/githubactions/deploys.go:36.3,37.17 2 0
github.com/kmcd/xray/internal/connectors/githubactions/deploys.go:37.17,41.4 3 0
github.com/kmcd/xray/internal/connectors/githubactions/deploys.go:43.3,43.33 1 0
github.com/kmcd/xray/internal/connectors/githubactions/deploys.go:43.33,44.16 1 0
github.com/kmcd/xray/internal/connectors/githubactions/deploys.go:44.16,45.13 1 0
github.com/kmcd/xray/internal/connectors/githubactions/deploys.go:47.4,48.26 2 0
github.com/kmcd/xray/internal/connectors/githubactions/deploys.go:48.26,50.5 1 0
github.com/kmcd/xray/internal/connectors/githubactions/deploys.go:51.4,51.35 1 0
github.com/kmcd/xray/internal/connectors/githubactions/deploys.go:51.35,52.13 1 0
github.com/kmcd/xray/internal/connectors/githubactions/deploys.go:55.4,56.24 2 0
github.com/kmcd/xray/internal/connectors/githubactions/deploys.go:56.24,59.5 1 0
github.com/kmcd/xray/internal/connectors/githubactions/deploys.go:61.4,62.49 2 0
github.com/kmcd/xray/internal/connectors/githubactions/deploys.go:62.49,65.5 2 0
github.com/kmcd/xray/internal/connectors/githubactions/deploys.go:66.4,66.34 1 0
github.com/kmcd/xray/internal/connectors/githubactions/deploys.go:69.3,69.40 1 0
github.com/kmcd/xray/internal/connectors/githubactions/deploys.go:69.40,70.9 1 0
github.com/kmcd/xray/internal/connectors/githubactions/deploys.go:72.3,72.28 1 0
github.com/kmcd/xray/internal/connectors/githubactions/deploys.go:79.120,80.23 1 0
github.com/kmcd/xray/internal/connectors/githubactions/deploys.go:80.23,82.3 1 0
github.com/kmcd/xray/internal/connectors/githubactions/deploys.go:85.2,86.16 2 0
github.com/kmcd/xray/internal/connectors/githubactions/deploys.go:86.16,88.3 1 0
github.com/kmcd/xray/internal/connectors/githubactions/deploys.go:89.2,89.46 1 0
github.com/kmcd/xray/internal/connectors/githubactions/deploys.go:89.46,91.3 1 0
github.com/kmcd/xray/internal/connectors/githubactions/deploys.go:92.2,92.41 1 0
github.com/kmcd/xray/internal/connectors/githubactions/deploys.go:97.99,99.19 2 2
github.com/kmcd/xray/internal/connectors/githubactions/deploys.go:99.19,101.3 1 1
github.com/kmcd/xray/internal/connectors/githubactions/deploys.go:102.2,113.3 1 2
github.com/kmcd/xray/internal/connectors/githubactions/deploys.go:124.41,125.13 1 11
github.com/kmcd/xray/internal/connectors/githubactions/deploys.go:126.17,127.19 1 2
github.com/kmcd/xray/internal/connectors/githubactions/deploys.go:128.26,129.18 1 2
github.com/kmcd/xray/internal/connectors/githubactions/deploys.go:130.53,131.23 1 4
github.com/kmcd/xray/internal/connectors/githubactions/deploys.go:132.10,133.23 1 3
github.com/kmcd/xray/internal/connectors/githubactions/extract.go:15.138,19.16 3 0
github.com/kmcd/xray/internal/connectors/githubactions/extract.go:19.16,22.3 2 0
github.com/kmcd/xray/internal/connectors/githubactions/extract.go:24.2,24.34 1 0
github.com/kmcd/xray/internal/connectors/githubactions/extract.go:24.34,27.3 2 0
github.com/kmcd/xray/internal/connectors/githubactions/extract.go:29.2,32.13 3 0
github.com/kmcd/xray/internal/connectors/githubactions/extract.go:35.53,37.57 2 4
github.com/kmcd/xray/internal/connectors/githubactions/extract.go:37.57,39.3 1 3
github.com/kmcd/xray/internal/connectors/githubactions/extract.go:40.2,40.32 1 1
github.com/kmcd/xray/internal/connectors/githubactions/githubactions.go:28.78,29.21 1 0
github.com/kmcd/xray/internal/connectors/githubactions/githubactions.go:29.21,31.3 1 0
github.com/kmcd/xray/internal/connectors/githubactions/githubactions.go:32.2,32.16 1 0
github.com/kmcd/xray/internal/connectors/githubactions/githubactions.go:32.16,34.3 1 0
github.com/kmcd/xray/internal/connectors/githubactions/githubactions.go:36.2,40.53 4 0
github.com/kmcd/xray/internal/connectors/githubactions/githubactions.go:40.53,41.20 1 0
github.com/kmcd/xray/internal/connectors/githubactions/githubactions.go:41.20,43.4 1 0
github.com/kmcd/xray/internal/connectors/githubactions/githubactions.go:44.3,48.4 1 0
github.com/kmcd/xray/internal/connectors/githubactions/githubactions.go:49.8,55.3 1 0
github.com/kmcd/xray/internal/connectors/githubactions/githubactions.go:57.2,63.8 2 0
github.com/kmcd/xray/internal/connectors/githubactions/githubactions.go:67.35,67.62 1 0
github.com/kmcd/xray/internal/connectors/githubactions/ping.go:8.53,11.2 2 0
github.com/kmcd/xray/internal/connectors/sentry/extract.go:14.138,18.47 3 0
github.com/kmcd/xray/internal/connectors/sentry/extract.go:18.47,19.28 1 0
github.com/kmcd/xray/internal/connectors/sentry/extract.go:19.28,20.12 1 0
github.com/kmcd/xray/internal/connectors/sentry/extract.go:22.3,25.17 3 0
github.com/kmcd/xray/internal/connectors/sentry/extract.go:25.17,28.12 3 0
github.com/kmcd/xray/internal/connectors/sentry/extract.go:30.3,30.16 1 0
github.com/kmcd/xray/internal/connectors/sentry/extract.go:30.16,32.4 1 0
github.com/kmcd/xray/internal/connectors/sentry/extract.go:34.3,34.30 1 0
github.com/kmcd/xray/internal/connectors/sentry/extract.go:34.30,36.11 2 0
github.com/kmcd/xray/internal/connectors/sentry/extract.go:36.11,37.13 1 0
github.com/kmcd/xray/internal/connectors/sentry/extract.go:39.4,39.51 1 0
github.com/kmcd/xray/internal/connectors/sentry/extract.go:39.51,41.13 2 0
github.com/kmcd/xray/internal/connectors/sentry/extract.go:43.4,43.36 1 0
github.com/kmcd/xray/internal/connectors/sentry/extract.go:47.2,47.14 1 0
github.com/kmcd/xray/internal/connectors/sentry/extract.go:47.14,50.3 1 0
github.com/kmcd/xray/internal/connectors/sentry/extract.go:52.2,52.13 1 0
github.com/kmcd/xray/internal/connectors/sentry/issues.go:53.120,64.17 9 0
github.com/kmcd/xray/internal/connectors/sentry/issues.go:64.17,66.17 2 0
github.com/kmcd/xray/internal/connectors/sentry/issues.go:66.17,68.4 1 0
github.com/kmcd/xray/internal/connectors/sentry/issues.go:69.3,72.15 3 0
github.com/kmcd/xray/internal/connectors/sentry/issues.go:72.15,73.9 1 0
github.com/kmcd/xray/internal/connectors/sentry/issues.go:75.3,75.17 1 0
github.com/kmcd/xray/internal/connectors/sentry/issues.go:77.2,77.23 1 0
github.com/kmcd/xray/internal/connectors/sentry/issues.go:80.93,82.16 2 0
github.com/kmcd/xray/internal/connectors/sentry/issues.go:82.16,84.3 1 0
github.com/kmcd/xray/internal/connectors/sentry/issues.go:85.2,88.16 3 0
github.com/kmcd/xray/internal/connectors/sentry/issues.go:88.16,90.3 1 0
github.com/kmcd/xray/internal/connectors/sentry/issues.go:91.2,91.15 1 0
github.com/kmcd/xray/internal/connectors/sentry/issues.go:91.15,94.3 2 0
github.com/kmcd/xray/internal/connectors/sentry/issues.go:96.2,96.48 1 0
github.com/kmcd/xray/internal/connectors/sentry/issues.go:96.48,98.3 1 0
github.com/kmcd/xray/internal/connectors/sentry/issues.go:99.2,99.53 1 0
github.com/kmcd/xray/internal/connectors/sentry/issues.go:99.53,101.3 1 0
github.com/kmcd/xray/internal/connectors/sentry/issues.go:103.2,104.65 2 0
github.com/kmcd/xray/internal/connectors/sentry/issues.go:104.65,106.3 1 0
github.com/kmcd/xray/internal/connectors/sentry/issues.go:107.2,107.43 1 0
github.com/kmcd/xray/internal/connectors/sentry/issues.go:114.45,116.12 2 0
github.com/kmcd/xray/internal/connectors/sentry/issues.go:116.12,118.3 1 0
github.com/kmcd/xray/internal/connectors/sentry/issues.go:119.2,120.14 2 0
github.com/kmcd/xray/internal/connectors/sentry/issues.go:120.14,122.3 1 0
github.com/kmcd/xray/internal/connectors/sentry/issues.go:123.2,123.33 1 0
github.com/kmcd/xray/internal/connectors/sentry/issues.go:135.50,136.18 1 5
github.com/kmcd/xray/internal/connectors/sentry/issues.go:136.18,138.3 1 1
github.com/kmcd/xray/internal/connectors/sentry/issues.go:139.2,139.46 1 4
github.com/kmcd/xray/internal/connectors/sentry/issues.go:139.46,141.18 2 5
github.com/kmcd/xray/internal/connectors/sentry/issues.go:141.18,142.12 1 0
github.com/kmcd/xray/internal/connectors/sentry/issues.go:144.3,146.46 3 5
github.com/kmcd/xray/internal/connectors/sentry/issues.go:146.46,147.12 1 2
github.com/kmcd/xray/internal/connectors/sentry/issues.go:150.3,150.50 1 3
github.com/kmcd/xray/internal/connectors/sentry/issues.go:150.50,152.4 1 1
github.com/kmcd/xray/internal/connectors/sentry/issues.go:153.3,153.22 1 2
github.com/kmcd/xray/internal/connectors/sentry/issues.go:155.2,155.18 1 1
github.com/kmcd/xray/internal/connectors/sentry/issues.go:161.41,165.22 4 4
github.com/kmcd/xray/internal/connectors/sentry/issues.go:165.22,166.12 1 420
github.com/kmcd/xray/internal/connectors/sentry/issues.go:167.12,168.11 1 5
github.com/kmcd/xray/internal/connectors/sentry/issues.go:169.12,170.17 1 5
github.com/kmcd/xray/internal/connectors/sentry/issues.go:170.17,172.5 1 5
github.com/kmcd/xray/internal/connectors/sentry/issues.go:173.12,174.18 1 1
github.com/kmcd/xray/internal/connectors/sentry/issues.go:174.18,177.5 2 1
github.com/kmcd/xray/internal/connectors/sentry/issues.go:180.2,181.12 2 4
github.com/kmcd/xray/internal/connectors/sentry/issues.go:184.53,185.47 1 8
github.com/kmcd/xray/internal/connectors/sentry/issues.go:185.47,187.14 2 14
github.com/kmcd/xray/internal/connectors/sentry/issues.go:187.14,188.12 1 0
github.com/kmcd/xray/internal/connectors/sentry/issues.go:190.3,191.13 2 14
github.com/kmcd/xray/internal/connectors/sentry/issues.go:191.13,192.12 1 0
github.com/kmcd/xray/internal/connectors/sentry/issues.go:194.3,196.28 3 14
github.com/kmcd/xray/internal/connectors/sentry/issues.go:196.28,198.4 1 4
github.com/kmcd/xray/internal/connectors/sentry/issues.go:200.2,200.14 1 4
github.com/kmcd/xray/internal/connectors/sentry/issues.go:206.91,208.16 2 17
github.com/kmcd/xray/internal/connectors/sentry/issues.go:208.16,210.3 1 0
github.com/kmcd/xray/internal/connectors/sentry/issues.go:211.2,211.30 1 17
github.com/kmcd/xray/internal/connectors/sentry/issues.go:211.30,213.3 1 1
github.com/kmcd/xray/internal/connectors/sentry/issues.go:215.2,216.30 2 16
github.com/kmcd/xray/internal/connectors/sentry/issues.go:216.30,217.58 1 1
github.com/kmcd/xray/internal/connectors/sentry/issues.go:217.58,219.4 1 1
github.com/kmcd/xray/internal/connectors/sentry/issues.go:222.2,223.21 2 16
github.com/kmcd/xray/internal/connectors/sentry/issues.go:223.21,224.52 1 15
github.com/kmcd/xray/internal/connectors/sentry/issues.go:224.52,226.4 1 14
github.com/kmcd/xray/internal/connectors/sentry/issues.go:229.2,230.29 2 16
github.com/kmcd/xray/internal/connectors/sentry/issues.go:230.29,232.20 2 2
github.com/kmcd/xray/internal/connectors/sentry/issues.go:232.20,234.4 1 1
github.com/kmcd/xray/internal/connectors/sentry/issues.go:237.2,251.9 1 16
github.com/kmcd/xray/internal/connectors/sentry/issues.go:257.42,258.21 1 16
github.com/kmcd/xray/internal/connectors/sentry/issues.go:258.21,260.3 1 1
github.com/kmcd/xray/internal/connectors/sentry/issues.go:261.2,262.41 2 15
github.com/kmcd/xray/internal/connectors/sentry/issues.go:262.41,264.3 1 1
github.com/kmcd/xray/internal/connectors/sentry/issues.go:265.2,265.29 1 14
github.com/kmcd/xray/internal/connectors/sentry/issues.go:265.29,266.63 1 1
github.com/kmcd/xray/internal/connectors/sentry/issues.go:266.63,268.4 1 1
github.com/kmcd/xray/internal/connectors/sentry/issues.go:270.2,270.14 1 13
github.com/kmcd/xray/internal/connectors/sentry/issues.go:276.51,277.13 1 18
github.com/kmcd/xray/internal/connectors/sentry/issues.go:277.13,279.3 1 0
github.com/kmcd/xray/internal/connectors/sentry/issues.go:280.2,287.28 3 18
github.com/kmcd/xray/internal/connectors/sentry/issues.go:287.28,289.17 2 18
github.com/kmcd/xray/internal/connectors/sentry/issues.go:289.17,291.4 1 18
github.com/kmcd/xray/internal/connectors/sentry/issues.go:292.3,292.16 1 0
github.com/kmcd/xray/internal/connectors/sentry/issues.go:294.2,294.29 1 0
github.com/kmcd/xray/internal/connectors/sentry/ping.go:13.53,16.16 3 0
github.com/kmcd/xray/internal/connectors/sentry/ping.go:16.16,18.3 1 0
github.com/kmcd/xray/internal/connectors/sentry/ping.go:19.2,22.16 3 0
github.com/kmcd/xray/internal/connectors/sentry/ping.go:22.16,24.3 1 0
github.com/kmcd/xray/internal/connectors/sentry/ping.go:25.2,25.15 1 0
github.com/kmcd/xray/internal/connectors/sentry/ping.go:25.15,28.3 2 0
github.com/kmcd/xray/internal/connectors/sentry/ping.go:30.2,30.9 1 0
github.com/kmcd/xray/internal/connectors/sentry/ping.go:31.50,32.54 1 0
github.com/kmcd/xray/internal/connectors/sentry/ping.go:33.55,34.13 1 0
github.com/kmcd/xray/internal/connectors/sentry/ping.go:35.10,36.74 1 0
github.com/kmcd/xray/internal/connectors/sentry/sentry.go:35.71,36.16 1 0
github.com/kmcd/xray/internal/connectors/sentry/sentry.go:36.16,38.3 1 0
github.com/kmcd/xray/internal/connectors/sentry/sentry.go:39.2,53.8 2 0
github.com/kmcd/xray/internal/connectors/sentry/sentry.go:58.35,58.54 1 0
github.com/kmcd/xray/internal/connectors/sentry/sentry.go:62.51,65.2 2 0
github.com/kmcd/xray/internal/connectors/circleci/circleci.go:32.73,33.16 1 0
github.com/kmcd/xray/internal/connectors/circleci/circleci.go:33.16,35.3 1 0
github.com/kmcd/xray/internal/connectors/circleci/circleci.go:36.2,48.8 2 0
github.com/kmcd/xray/internal/connectors/circleci/circleci.go:53.35,53.56 1 0
github.com/kmcd/xray/internal/connectors/circleci/circleci.go:58.42,60.57 2 7
github.com/kmcd/xray/internal/connectors/circleci/circleci.go:60.57,62.3 1 4
github.com/kmcd/xray/internal/connectors/circleci/circleci.go:63.2,63.42 1 3
github.com/kmcd/xray/internal/connectors/circleci/circleci.go:68.51,71.2 2 0
github.com/kmcd/xray/internal/connectors/circleci/extract.go:15.138,19.20 3 0
github.com/kmcd/xray/internal/connectors/circleci/extract.go:19.20,26.3 3 0
github.com/kmcd/xray/internal/connectors/circleci/extract.go:30.2,31.16 2 0
github.com/kmcd/xray/internal/connectors/circleci/extract.go:31.16,41.3 4 0
github.com/kmcd/xray/internal/connectors/circleci/extract.go:42.2,42.15 1 0
github.com/kmcd/xray/internal/connectors/circleci/extract.go:42.15,44.3 1 0
github.com/kmcd/xray/internal/connectors/circleci/extract.go:45.2,47.30 2 0
github.com/kmcd/xray/internal/connectors/circleci/extract.go:47.30,52.36 1 0
github.com/kmcd/xray/internal/connectors/circleci/extract.go:52.36,53.12 1 0
github.com/kmcd/xray/internal/connectors/circleci/extract.go:56.3,57.17 2 0
github.com/kmcd/xray/internal/connectors/circleci/extract.go:57.17,64.12 4 0
github.com/kmcd/xray/internal/connectors/circleci/extract.go:66.3,66.17 1 0
github.com/kmcd/xray/internal/connectors/circleci/extract.go:66.17,68.4 1 0
github.com/kmcd/xray/internal/connectors/circleci/extract.go:70.3,70.31 1 0
github.com/kmcd/xray/internal/connectors/circleci/extract.go:70.31,71.37 1 0
github.com/kmcd/xray/internal/connectors/circleci/extract.go:71.37,72.13 1 0
github.com/kmcd/xray/internal/connectors/circleci/extract.go:75.4,76.50 2 0
github.com/kmcd/xray/internal/connectors/circleci/extract.go:76.50,78.13 2 0
github.com/kmcd/xray/internal/connectors/circleci/extract.go:80.4,83.18 3 0
github.com/kmcd/xray/internal/connectors/circleci/extract.go:83.18,90.13 4 0
github.com/kmcd/xray/internal/connectors/circleci/extract.go:92.4,92.18 1 0
github.com/kmcd/xray/internal/connectors/circleci/extract.go:92.18,94.5 1 0
github.com/kmcd/xray/internal/connectors/circleci/extract.go:96.4,96.27 1 0
github.com/kmcd/xray/internal/connectors/circleci/extract.go:96.27,98.51 2 0
github.com/kmcd/xray/internal/connectors/circleci/extract.go:98.51,100.14 2 0
github.com/kmcd/xray/internal/connectors/circleci/extract.go:102.5,102.38 1 0
github.com/kmcd/xray/internal/connectors/circleci/extract.go:105.4,105.36 1 0
github.com/kmcd/xray/internal/connectors/circleci/extract.go:105.36,109.5 3 0
github.com/kmcd/xray/internal/connectors/circleci/extract.go:112.3,112.35 1 0
github.com/kmcd/xray/internal/connectors/circleci/extract.go:112.35,116.4 3 0
github.com/kmcd/xray/internal/connectors/circleci/extract.go:119.2,119.13 1 0
github.com/kmcd/xray/internal/connectors/circleci/jobs.go:34.102,39.6 4 0
github.com/kmcd/xray/internal/connectors/circleci/jobs.go:39.6,41.17 2 0
github.com/kmcd/xray/internal/connectors/circleci/jobs.go:41.17,43.4 1 0
github.com/kmcd/xray/internal/connectors/circleci/jobs.go:44.3,45.22 2 0
github.com/kmcd/xray/internal/connectors/circleci/jobs.go:45.22,47.4 1 0
github.com/kmcd/xray/internal/connectors/circleci/jobs.go:48.3,51.17 3 0
github.com/kmcd/xray/internal/connectors/circleci/jobs.go:51.17,53.4 1 0
github.com/kmcd/xray/internal/connectors/circleci/jobs.go:54.3,57.17 3 0
github.com/kmcd/xray/internal/connectors/circleci/jobs.go:57.17,60.4 2 0
github.com/kmcd/xray/internal/connectors/circleci/jobs.go:61.3,63.17 3 0
github.com/kmcd/xray/internal/connectors/circleci/jobs.go:63.17,66.4 2 0
github.com/kmcd/xray/internal/connectors/circleci/jobs.go:67.3,67.54 1 0
github.com/kmcd/xray/internal/connectors/circleci/jobs.go:67.54,70.4 2 0
github.com/kmcd/xray/internal/connectors/circleci/jobs.go:72.3,73.53 2 0
github.com/kmcd/xray/internal/connectors/circleci/jobs.go:73.53,76.4 2 0
github.com/kmcd/xray/internal/connectors/circleci/jobs.go:77.3,79.31 2 0
github.com/kmcd/xray/internal/connectors/circleci/jobs.go:79.31,81.4 1 0
github.com/kmcd/xray/internal/connectors/circleci/jobs.go:82.3,84.35 2 0
github.com/kmcd/xray/internal/connectors/circleci/jobs.go:84.35,86.4 1 0
github.com/kmcd/xray/internal/connectors/circleci/jobs.go:92.70,94.46 2 3
github.com/kmcd/xray/internal/connectors/circleci/jobs.go:94.46,96.12 2 2
github.com/kmcd/xray/internal/connectors/circleci/jobs.go:96.12,98.4 1 0
github.com/kmcd/xray/internal/connectors/circleci/jobs.go:99.3,99.23 1 2
github.com/kmcd/xray/internal/connectors/circleci/jobs.go:101.2,109.3 1 3
github.com/kmcd/xray/internal/connectors/circleci/jobs.go:114.45,115.16 1 13
github.com/kmcd/xray/internal/connectors/circleci/jobs.go:116.17,117.19 1 2
github.com/kmcd/xray/internal/connectors/circleci/jobs.go:118.72,119.19 1 3
github.com/kmcd/xray/internal/connectors/circleci/jobs.go:120.31,121.21 1 2
github.com/kmcd/xray/internal/connectors/circleci/jobs.go:122.28,123.19 1 2
github.com/kmcd/xray/internal/connectors/circleci/jobs.go:124.18,125.21 1 1
github.com/kmcd/xray/internal/connectors/circleci/jobs.go:126.64,127.12 1 3
github.com/kmcd/xray/internal/connectors/circleci/jobs.go:128.10,129.12 1 0
github.com/kmcd/xray/internal/connectors/circleci/ping.go:13.53,15.16 2 0
github.com/kmcd/xray/internal/connectors/circleci/ping.go:15.16,17.3 1 0
github.com/kmcd/xray/internal/connectors/circleci/ping.go:18.2,21.16 3 0
github.com/kmcd/xray/internal/connectors/circleci/ping.go:21.16,23.3 1 0
github.com/kmcd/xray/internal/connectors/circleci/ping.go:24.2,24.15 1 0
github.com/kmcd/xray/internal/connectors/circleci/ping.go:24.15,27.3 2 0
github.com/kmcd/xray/internal/connectors/circleci/ping.go:29.2,29.48 1 0
github.com/kmcd/xray/internal/connectors/circleci/ping.go:29.48,31.3 1 0
github.com/kmcd/xray/internal/connectors/circleci/ping.go:32.2,32.53 1 0
github.com/kmcd/xray/internal/connectors/circleci/ping.go:32.53,34.3 1 0
github.com/kmcd/xray/internal/connectors/circleci/ping.go:35.2,35.12 1 0
github.com/kmcd/xray/internal/connectors/circleci/pipelines.go:38.129,43.6 4 0
github.com/kmcd/xray/internal/connectors/circleci/pipelines.go:43.6,45.17 2 0
github.com/kmcd/xray/internal/connectors/circleci/pipelines.go:45.17,47.4 1 0
github.com/kmcd/xray/internal/connectors/circleci/pipelines.go:48.3,49.19 2 0
github.com/kmcd/xray/internal/connectors/circleci/pipelines.go:49.19,51.4 1 0
github.com/kmcd/xray/internal/connectors/circleci/pipelines.go:52.3,52.22 1 0
github.com/kmcd/xray/internal/connectors/circleci/pipelines.go:52.22,54.4 1 0
github.com/kmcd/xray/internal/connectors/circleci/pipelines.go:55.3,58.17 3 0
github.com/kmcd/xray/internal/connectors/circleci/pipelines.go:58.17,60.4 1 0
github.com/kmcd/xray/internal/connectors/circleci/pipelines.go:61.3,64.17 3 0
github.com/kmcd/xray/internal/connectors/circleci/pipelines.go:64.17,67.4 2 0
github.com/kmcd/xray/internal/connectors/circleci/pipelines.go:68.3,70.17 3 0
github.com/kmcd/xray/internal/connectors/circleci/pipelines.go:70.17,73.4 2 0
github.com/kmcd/xray/internal/connectors/circleci/pipelines.go:74.3,74.54 1 0
github.com/kmcd/xray/internal/connectors/circleci/pipelines.go:74.54,77.4 2 0
github.com/kmcd/xray/internal/connectors/circleci/pipelines.go:79.3,80.53 2 0
github.com/kmcd/xray/internal/connectors/circleci/pipelines.go:80.53,83.4 2 0
github.com/kmcd/xray/internal/connectors/circleci/pipelines.go:85.3,86.32 2 0
github.com/kmcd/xray/internal/connectors/circleci/pipelines.go:86.32,87.62 1 0
github.com/kmcd/xray/internal/connectors/circleci/pipelines.go:87.62,91.13 2 0
github.com/kmcd/xray/internal/connectors/circleci/pipelines.go:93.4,93.24 1 0
github.com/kmcd/xray/internal/connectors/circleci/pipelines.go:96.3,96.39 1 0
github.com/kmcd/xray/internal/connectors/circleci/pipelines.go:96.39,98.4 1 0
github.com/kmcd/xray/internal/connectors/circleci/pipelines.go:99.3,101.35 2 0
github.com/kmcd/xray/internal/connectors/circleci/pipelines.go:101.35,103.4 1 0
github.com/kmcd/xray/internal/connectors/circleci/workflows.go:31.112,36.6 4 0
github.com/kmcd/xray/internal/connectors/circleci/workflows.go:36.6,38.17 2 0
github.com/kmcd/xray/internal/connectors/circleci/workflows.go:38.17,40.4 1 0
github.com/kmcd/xray/internal/connectors/circleci/workflows.go:41.3,42.22 2 0
github.com/kmcd/xray/internal/connectors/circleci/workflows.go:42.22,44.4 1 0
github.com/kmcd/xray/internal/connectors/circleci/workflows.go:45.3,48.17 3 0
github.com/kmcd/xray/internal/connectors/circleci/workflows.go:48.17,50.4 1 0
github.com/kmcd/xray/internal/connectors/circleci/workflows.go:51.3,54.17 3 0
github.com/kmcd/xray/internal/connectors/circleci/workflows.go:54.17,57.4 2 0
github.com/kmcd/xray/internal/connectors/circleci/workflows.go:58.3,60.17 3 0
github.com/kmcd/xray/internal/connectors/circleci/workflows.go:60.17,63.4 2 0
github.com/kmcd/xray/internal/connectors/circleci/workflows.go:64.3,64.54 1 0
github.com/kmcd/xray/internal/connectors/circleci/workflows.go:64.54,67.4 2 0
github.com/kmcd/xray/internal/connectors/circleci/workflows.go:69.3,70.53 2 0
github.com/kmcd/xray/internal/connectors/circleci/workflows.go:70.53,73.4 2 0
github.com/kmcd/xray/internal/connectors/circleci/workflows.go:74.3,76.31 2 0
github.com/kmcd/xray/internal/connectors/circleci/workflows.go:76.31,78.4 1 0
github.com/kmcd/xray/internal/connectors/circleci/workflows.go:79.3,81.35 2 0
github.com/kmcd/xray/internal/connectors/circleci/workflows.go:81.35,83.4 1 0
github.com/kmcd/xray/internal/connectors/circleci/workflows.go:89.77,91.27 2 2
github.com/kmcd/xray/internal/connectors/circleci/workflows.go:91.27,94.3 2 2
github.com/kmcd/xray/internal/connectors/circleci/workflows.go:95.2,98.44 3 2
github.com/kmcd/xray/internal/connectors/circleci/workflows.go:98.44,100.12 2 1
github.com/kmcd/xray/internal/connectors/circleci/workflows.go:100.12,102.4 1 0
github.com/kmcd/xray/internal/connectors/circleci/workflows.go:103.3,103.23 1 1
github.com/kmcd/xray/internal/connectors/circleci/workflows.go:106.2,107.40 2 2
github.com/kmcd/xray/internal/connectors/circleci/workflows.go:107.40,109.3 1 1
github.com/kmcd/xray/internal/connectors/circleci/workflows.go:111.2,128.3 1 2
github.com/kmcd/xray/internal/connectors/circleci/workflows.go:134.50,135.16 1 14
github.com/kmcd/xray/internal/connectors/circleci/workflows.go:136.17,137.19 1 2
github.com/kmcd/xray/internal/connectors/circleci/workflows.go:138.52,139.19 1 3
github.com/kmcd/xray/internal/connectors/circleci/workflows.go:140.31,141.21 1 2
github.com/kmcd/xray/internal/connectors/circleci/workflows.go:142.28,143.19 1 2
github.com/kmcd/xray/internal/connectors/circleci/workflows.go:144.21,145.19 1 1
github.com/kmcd/xray/internal/connectors/circleci/workflows.go:146.28,147.12 1 3
github.com/kmcd/xray/internal/connectors/circleci/workflows.go:148.10,149.12 1 1
github.com/kmcd/xray/internal/connectors/github/bot.go:16.32,19.2 2 10
github.com/kmcd/xray/internal/connectors/github/bot.go:24.43,26.21 2 8
github.com/kmcd/xray/internal/connectors/github/bot.go:26.21,28.3 1 4
github.com/kmcd/xray/internal/connectors/github/bot.go:29.2,29.19 1 4
github.com/kmcd/xray/internal/connectors/github/bot.go:29.19,32.60 1 3
github.com/kmcd/xray/internal/connectors/github/bot.go:32.60,34.4 1 1
github.com/kmcd/xray/internal/connectors/github/bot.go:35.3,35.15 1 2
github.com/kmcd/xray/internal/connectors/github/bot.go:37.2,37.16 1 1
github.com/kmcd/xray/internal/connectors/github/branches.go:19.128,21.9 2 0
github.com/kmcd/xray/internal/connectors/github/branches.go:21.9,23.3 1 0
github.com/kmcd/xray/internal/connectors/github/branches.go:25.2,28.6 3 0
github.com/kmcd/xray/internal/connectors/github/branches.go:28.6,29.23 1 0
github.com/kmcd/xray/internal/connectors/github/branches.go:29.23,32.4 2 0
github.com/kmcd/xray/internal/connectors/github/branches.go:33.3,34.17 2 0
github.com/kmcd/xray/internal/connectors/github/branches.go:34.17,41.4 3 0
github.com/kmcd/xray/internal/connectors/github/branches.go:42.3,42.30 1 0
github.com/kmcd/xray/internal/connectors/github/branches.go:42.30,49.88 2 0
github.com/kmcd/xray/internal/connectors/github/branches.go:49.88,51.5 1 0
github.com/kmcd/xray/internal/connectors/github/branches.go:52.4,52.49 1 0
github.com/kmcd/xray/internal/connectors/github/branches.go:52.49,53.38 1 0
github.com/kmcd/xray/internal/connectors/github/branches.go:53.38,55.6 1 0
github.com/kmcd/xray/internal/connectors/github/branches.go:56.10,58.5 1 0
github.com/kmcd/xray/internal/connectors/github/branches.go:60.4,60.29 1 0
github.com/kmcd/xray/internal/connectors/github/branches.go:60.29,61.13 1 0
github.com/kmcd/xray/internal/connectors/github/branches.go:63.4,64.19 2 0
github.com/kmcd/xray/internal/connectors/github/branches.go:64.19,65.110 1 0
github.com/kmcd/xray/internal/connectors/github/branches.go:65.110,71.14 3 0
github.com/kmcd/xray/internal/connectors/github/branches.go:73.5,78.13 2 0
github.com/kmcd/xray/internal/connectors/github/branches.go:80.4,80.17 1 0
github.com/kmcd/xray/internal/connectors/github/branches.go:80.17,82.64 2 0
github.com/kmcd/xray/internal/connectors/github/branches.go:82.64,83.48 1 0
github.com/kmcd/xray/internal/connectors/github/branches.go:83.48,85.7 1 0
github.com/kmcd/xray/internal/connectors/github/branches.go:86.11,88.6 1 0
github.com/kmcd/xray/internal/connectors/github/branches.go:91.3,91.40 1 0
github.com/kmcd/xray/internal/connectors/github/branches.go:91.40,92.9 1 0
github.com/kmcd/xray/internal/connectors/github/branches.go:94.3,94.28 1 0
github.com/kmcd/xray/internal/connectors/github/branches.go:97.2,97.26 1 0
github.com/kmcd/xray/internal/connectors/github/branches.go:97.26,99.3 1 0
github.com/kmcd/xray/internal/connectors/github/branches.go:106.91,108.42 2 0
github.com/kmcd/xray/internal/connectors/github/branches.go:108.42,111.3 2 0
github.com/kmcd/xray/internal/connectors/github/branches.go:112.2,112.36 1 0
github.com/kmcd/xray/internal/connectors/github/branches.go:112.36,114.32 2 0
github.com/kmcd/xray/internal/connectors/github/branches.go:114.32,116.26 2 0
github.com/kmcd/xray/internal/connectors/github/branches.go:116.26,117.17 1 0
github.com/kmcd/xray/internal/connectors/github/branches.go:117.17,118.14 1 0
github.com/kmcd/xray/internal/connectors/github/branches.go:120.5,120.37 1 0
github.com/kmcd/xray/internal/connectors/github/branches.go:122.4,122.49 1 0
github.com/kmcd/xray/internal/connectors/github/branches.go:123.9,123.85 1 0
github.com/kmcd/xray/internal/connectors/github/branches.go:123.85,125.4 1 0
github.com/kmcd/xray/internal/connectors/github/branches.go:127.2,127.29 1 0
github.com/kmcd/xray/internal/connectors/github/branches.go:127.29,129.3 1 0
github.com/kmcd/xray/internal/connectors/github/branches.go:130.2,130.28 1 0
github.com/kmcd/xray/internal/connectors/github/branches.go:130.28,132.3 1 0
github.com/kmcd/xray/internal/connectors/github/branches.go:133.2,133.12 1 0
github.com/kmcd/xray/internal/connectors/github/coauthors.go:20.84,22.23 2 0
github.com/kmcd/xray/internal/connectors/github/coauthors.go:22.23,24.3 1 0
github.com/kmcd/xray/internal/connectors/github/coauthors.go:25.2,27.28 3 0
github.com/kmcd/xray/internal/connectors/github/coauthors.go:27.28,30.17 3 0
github.com/kmcd/xray/internal/connectors/github/coauthors.go:30.17,31.12 1 0
github.com/kmcd/xray/internal/connectors/github/coauthors.go:33.3,34.16 2 0
github.com/kmcd/xray/internal/connectors/github/coauthors.go:34.16,35.12 1 0
github.com/kmcd/xray/internal/connectors/github/coauthors.go:37.3,44.5 2 0
github.com/kmcd/xray/internal/connectors/github/coauthors.go:46.2,46.12 1 0
github.com/kmcd/xray/internal/connectors/github/coauthors.go:52.99,54.58 1 0
github.com/kmcd/xray/internal/connectors/github/coauthors.go:54.58,56.3 1 0
github.com/kmcd/xray/internal/connectors/github/coauthors.go:57.2,57.31 1 0
github.com/kmcd/xray/internal/connectors/github/coauthors.go:57.31,59.3 1 0
github.com/kmcd/xray/internal/connectors/github/coauthors.go:60.2,66.9 1 0
github.com/kmcd/xray/internal/connectors/github/codeowners.go:23.130,25.9 2 0
github.com/kmcd/xray/internal/connectors/github/codeowners.go:25.9,27.3 1 0
github.com/kmcd/xray/internal/connectors/github/codeowners.go:28.2,31.36 3 0
github.com/kmcd/xray/internal/connectors/github/codeowners.go:31.36,33.17 2 0
github.com/kmcd/xray/internal/connectors/github/codeowners.go:33.17,34.61 1 0
github.com/kmcd/xray/internal/connectors/github/codeowners.go:34.61,35.13 1 0
github.com/kmcd/xray/internal/connectors/github/codeowners.go:37.4,42.12 2 0
github.com/kmcd/xray/internal/connectors/github/codeowners.go:44.3,44.18 1 0
github.com/kmcd/xray/internal/connectors/github/codeowners.go:44.18,45.12 1 0
github.com/kmcd/xray/internal/connectors/github/codeowners.go:47.3,48.17 2 0
github.com/kmcd/xray/internal/connectors/github/codeowners.go:48.17,49.12 1 0
github.com/kmcd/xray/internal/connectors/github/codeowners.go:51.3,52.8 2 0
github.com/kmcd/xray/internal/connectors/github/codeowners.go:54.2,54.19 1 0
github.com/kmcd/xray/internal/connectors/github/codeowners.go:54.19,56.3 1 0
github.com/kmcd/xray/internal/connectors/github/codeowners.go:58.2,58.58 1 0
github.com/kmcd/xray/internal/connectors/github/codeowners.go:58.58,59.51 1 0
github.com/kmcd/xray/internal/connectors/github/codeowners.go:59.51,60.39 1 0
github.com/kmcd/xray/internal/connectors/github/codeowners.go:60.39,62.5 1 0
github.com/kmcd/xray/internal/connectors/github/codeowners.go:63.4,63.12 1 0
github.com/kmcd/xray/internal/connectors/github/codeowners.go:65.3,65.36 1 0
github.com/kmcd/xray/internal/connectors/github/codeowners.go:74.62,76.51 2 3
github.com/kmcd/xray/internal/connectors/github/codeowners.go:76.51,78.49 2 20
github.com/kmcd/xray/internal/connectors/github/codeowners.go:78.49,79.12 1 16
github.com/kmcd/xray/internal/connectors/github/codeowners.go:82.3,82.49 1 4
github.com/kmcd/xray/internal/connectors/github/codeowners.go:82.49,84.4 1 1
github.com/kmcd/xray/internal/connectors/github/codeowners.go:85.3,86.22 2 4
github.com/kmcd/xray/internal/connectors/github/codeowners.go:86.22,87.12 1 0
github.com/kmcd/xray/internal/connectors/github/codeowners.go:89.3,90.36 2 4
github.com/kmcd/xray/internal/connectors/github/codeowners.go:90.36,92.20 2 5
github.com/kmcd/xray/internal/connectors/github/codeowners.go:92.20,93.13 1 0
github.com/kmcd/xray/internal/connectors/github/codeowners.go:95.4,96.37 2 5
github.com/kmcd/xray/internal/connectors/github/codeowners.go:96.37,98.5 1 1
github.com/kmcd/xray/internal/connectors/github/codeowners.go:99.4,104.6 1 5
github.com/kmcd/xray/internal/connectors/github/codeowners.go:107.2,107.13 1 3
github.com/kmcd/xray/internal/connectors/github/commit_parse.go:19.46,21.2 1 7
github.com/kmcd/xray/internal/connectors/github/commit_parse.go:25.42,27.16 2 5
github.com/kmcd/xray/internal/connectors/github/commit_parse.go:27.16,29.3 1 2
github.com/kmcd/xray/internal/connectors/github/commit_parse.go:30.2,30.30 1 3
github.com/kmcd/xray/internal/connectors/github/commit_parse.go:34.47,35.33 1 3
github.com/kmcd/xray/internal/connectors/github/commit_parse.go:35.33,37.3 1 1
github.com/kmcd/xray/internal/connectors/github/commit_parse.go:38.2,38.36 1 2
github.com/kmcd/xray/internal/connectors/github/commit_parse.go:43.45,45.2 1 10
github.com/kmcd/xray/internal/connectors/github/commits.go:17.152,18.22 1 0
github.com/kmcd/xray/internal/connectors/github/commits.go:18.22,21.3 1 0
github.com/kmcd/xray/internal/connectors/github/commits.go:22.2,23.16 2 0
github.com/kmcd/xray/internal/connectors/github/commits.go:23.16,30.3 3 0
github.com/kmcd/xray/internal/connectors/github/commits.go:32.2,37.30 3 0
github.com/kmcd/xray/internal/connectors/github/commits.go:37.30,38.23 1 0
github.com/kmcd/xray/internal/connectors/github/commits.go:38.23,41.4 2 0
github.com/kmcd/xray/internal/connectors/github/commits.go:43.3,59.31 2 0
github.com/kmcd/xray/internal/connectors/github/commits.go:59.31,63.4 3 0
github.com/kmcd/xray/internal/connectors/github/commits.go:68.3,68.13 1 0
github.com/kmcd/xray/internal/connectors/github/commits.go:68.13,69.74 1 0
github.com/kmcd/xray/internal/connectors/github/commits.go:69.74,71.5 1 0
github.com/kmcd/xray/internal/connectors/github/commits.go:72.4,72.81 1 0
github.com/kmcd/xray/internal/connectors/github/commits.go:72.81,74.5 1 0
github.com/kmcd/xray/internal/connectors/github/commits.go:77.3,77.48 1 0
github.com/kmcd/xray/internal/connectors/github/commits.go:77.48,78.36 1 0
github.com/kmcd/xray/internal/connectors/github/commits.go:78.36,80.5 1 0
github.com/kmcd/xray/internal/connectors/github/commits.go:81.4,81.103 1 0
github.com/kmcd/xray/internal/connectors/github/commits.go:82.9,84.4 1 0
github.com/kmcd/xray/internal/connectors/github/commits.go:90.3,94.31 2 0
github.com/kmcd/xray/internal/connectors/github/commits.go:94.31,104.52 2 0
github.com/kmcd/xray/internal/connectors/github/commits.go:104.52,105.42 1 0
github.com/kmcd/xray/internal/connectors/github/commits.go:105.42,107.6 1 0
github.com/kmcd/xray/internal/connectors/github/commits.go:108.10,110.5 1 0
github.com/kmcd/xray/internal/connectors/github/commits.go:114.3,114.55 1 0
github.com/kmcd/xray/internal/connectors/github/commits.go:114.55,115.56 1 0
github.com/kmcd/xray/internal/connectors/github/commits.go:115.56,116.46 1 0
github.com/kmcd/xray/internal/connectors/github/commits.go:116.46,118.6 1 0
github.com/kmcd/xray/internal/connectors/github/commits.go:119.10,121.5 1 0
github.com/kmcd/xray/internal/connectors/github/commits.go:123.3,123.62 1 0
github.com/kmcd/xray/internal/connectors/github/commits.go:123.62,124.56 1 0
github.com/kmcd/xray/internal/connectors/github/commits.go:124.56,125.46 1 0
github.com/kmcd/xray/internal/connectors/github/commits.go:125.46,127.6 1 0
github.com/kmcd/xray/internal/connectors/github/commits.go:128.10,130.5 1 0
github.com/kmcd/xray/internal/connectors/github/commits.go:138.96,143.16 2 0
github.com/kmcd/xray/internal/connectors/github/commits.go:143.16,144.60 1 0
github.com/kmcd/xray/internal/connectors/github/commits.go:144.60,146.4 1 0
github.com/kmcd/xray/internal/connectors/github/commits.go:147.3,147.13 1 0
github.com/kmcd/xray/internal/connectors/github/commits.go:149.2,149.68 1 0
github.com/kmcd/xray/internal/connectors/github/commits.go:149.68,151.3 1 0
github.com/kmcd/xray/internal/connectors/github/commits.go:152.2,153.11 2 0
github.com/kmcd/xray/internal/connectors/github/commits.go:158.114,159.29 1 0
github.com/kmcd/xray/internal/connectors/github/commits.go:159.29,161.3 1 0
github.com/kmcd/xray/internal/connectors/github/commits.go:162.2,163.16 2 0
github.com/kmcd/xray/internal/connectors/github/commits.go:163.16,166.3 2 0
github.com/kmcd/xray/internal/connectors/github/commits.go:167.2,169.11 3 0
github.com/kmcd/xray/internal/connectors/github/defects.go:25.46,26.16 1 14
github.com/kmcd/xray/internal/connectors/github/defects.go:26.16,28.3 1 1
github.com/kmcd/xray/internal/connectors/github/defects.go:29.2,31.26 3 13
github.com/kmcd/xray/internal/connectors/github/defects.go:31.26,32.29 1 14
github.com/kmcd/xray/internal/connectors/github/defects.go:32.29,34.4 1 1
github.com/kmcd/xray/internal/connectors/github/defects.go:35.3,36.25 2 13
github.com/kmcd/xray/internal/connectors/github/defects.go:38.2,38.72 1 13
github.com/kmcd/xray/internal/connectors/github/defects.go:38.72,42.3 1 9
github.com/kmcd/xray/internal/connectors/github/defects.go:43.2,43.70 1 13
github.com/kmcd/xray/internal/connectors/github/defects.go:43.70,47.3 1 5
github.com/kmcd/xray/internal/connectors/github/defects.go:48.2,48.12 1 13
github.com/kmcd/xray/internal/connectors/github/defects.go:65.3,66.46 1 0
github.com/kmcd/xray/internal/connectors/github/defects.go:66.46,75.48 2 0
github.com/kmcd/xray/internal/connectors/github/defects.go:75.48,76.36 1 0
github.com/kmcd/xray/internal/connectors/github/defects.go:76.36,78.5 1 0
github.com/kmcd/xray/internal/connectors/github/defects.go:79.4,79.12 1 0
github.com/kmcd/xray/internal/connectors/github/defects.go:81.3,81.33 1 0
github.com/kmcd/xray/internal/connectors/github/extract.go:21.138,27.72 2 0
github.com/kmcd/xray/internal/connectors/github/extract.go:27.72,30.3 2 0
github.com/kmcd/xray/internal/connectors/github/extract.go:34.2,34.21 1 0
github.com/kmcd/xray/internal/connectors/github/extract.go:34.21,35.67 1 0
github.com/kmcd/xray/internal/connectors/github/extract.go:35.67,37.4 1 0
github.com/kmcd/xray/internal/connectors/github/extract.go:41.2,41.67 1 0
github.com/kmcd/xray/internal/connectors/github/extract.go:41.67,43.3 1 0
github.com/kmcd/xray/internal/connectors/github/extract.go:46.2,65.34 8 0
github.com/kmcd/xray/internal/connectors/github/extract.go:65.34,67.3 1 0
github.com/kmcd/xray/internal/connectors/github/extract.go:69.2,69.13 1 0
github.com/kmcd/xray/internal/connectors/github/extract.go:76.157,84.8 3 0
github.com/kmcd/xray/internal/connectors/github/extract.go:84.8,86.29 2 0
github.com/kmcd/xray/internal/connectors/github/extract.go:86.29,88.26 2 0
github.com/kmcd/xray/internal/connectors/github/extract.go:88.26,91.5 2 0
github.com/kmcd/xray/internal/connectors/github/extract.go:92.4,95.31 4 0
github.com/kmcd/xray/internal/connectors/github/extract.go:95.31,97.5 1 0
github.com/kmcd/xray/internal/connectors/github/extract.go:98.9,98.24 1 0
github.com/kmcd/xray/internal/connectors/github/extract.go:98.24,103.4 1 0
github.com/kmcd/xray/internal/connectors/github/extract.go:106.3,106.66 1 0
github.com/kmcd/xray/internal/connectors/github/extract.go:106.66,108.4 1 0
github.com/kmcd/xray/internal/connectors/github/extract.go:110.2,110.45 1 0
github.com/kmcd/xray/internal/connectors/github/extract.go:110.45,112.3 1 0
github.com/kmcd/xray/internal/connectors/github/extract.go:113.2,114.12 2 0
github.com/kmcd/xray/internal/connectors/github/extract.go:120.93,126.16 3 0
github.com/kmcd/xray/internal/connectors/github/extract.go:126.16,128.3 1 0
github.com/kmcd/xray/internal/connectors/github/extract.go:129.2,129.38 1 0
github.com/kmcd/xray/internal/connectors/github/extract.go:129.38,131.3 1 0
github.com/kmcd/xray/internal/connectors/github/extract.go:132.2,132.27 1 0
github.com/kmcd/xray/internal/connectors/github/extract.go:137.52,139.36 2 0
github.com/kmcd/xray/internal/connectors/github/extract.go:139.36,141.3 1 0
github.com/kmcd/xray/internal/connectors/github/extract.go:142.2,142.39 1 0
github.com/kmcd/xray/internal/connectors/github/file_metrics.go:26.123,28.16 2 0
github.com/kmcd/xray/internal/connectors/github/file_metrics.go:28.16,30.3 1 0
github.com/kmcd/xray/internal/connectors/github/file_metrics.go:31.2,32.19 2 0
github.com/kmcd/xray/internal/connectors/github/file_metrics.go:32.19,34.3 1 0
github.com/kmcd/xray/internal/connectors/github/file_metrics.go:36.2,36.79 1 0
github.com/kmcd/xray/internal/connectors/github/file_metrics.go:36.79,37.23 1 0
github.com/kmcd/xray/internal/connectors/github/file_metrics.go:37.23,39.4 1 0
github.com/kmcd/xray/internal/connectors/github/file_metrics.go:40.3,40.17 1 0
github.com/kmcd/xray/internal/connectors/github/file_metrics.go:40.17,43.4 2 0
github.com/kmcd/xray/internal/connectors/github/file_metrics.go:45.3,46.20 2 0
github.com/kmcd/xray/internal/connectors/github/file_metrics.go:46.20,48.4 1 0
github.com/kmcd/xray/internal/connectors/github/file_metrics.go:50.3,50.81 1 0
github.com/kmcd/xray/internal/connectors/github/file_metrics.go:50.81,51.20 1 0
github.com/kmcd/xray/internal/connectors/github/file_metrics.go:51.20,53.5 1 0
github.com/kmcd/xray/internal/connectors/github/file_metrics.go:54.4,54.14 1 0
github.com/kmcd/xray/internal/connectors/github/file_metrics.go:56.3,56.19 1 0
github.com/kmcd/xray/internal/connectors/github/file_metrics.go:56.19,58.4 1 0
github.com/kmcd/xray/internal/connectors/github/file_metrics.go:59.3,59.31 1 0
github.com/kmcd/xray/internal/connectors/github/file_metrics.go:59.31,65.4 1 0
github.com/kmcd/xray/internal/connectors/github/file_metrics.go:67.3,76.33 3 0
github.com/kmcd/xray/internal/connectors/github/file_metrics.go:76.33,78.52 2 0
github.com/kmcd/xray/internal/connectors/github/file_metrics.go:78.52,80.5 1 0
github.com/kmcd/xray/internal/connectors/github/file_metrics.go:81.4,81.14 1 0
github.com/kmcd/xray/internal/connectors/github/file_metrics.go:84.3,85.21 2 0
github.com/kmcd/xray/internal/connectors/github/file_metrics.go:85.21,88.52 2 0
github.com/kmcd/xray/internal/connectors/github/file_metrics.go:88.52,90.5 1 0
github.com/kmcd/xray/internal/connectors/github/file_metrics.go:91.4,91.14 1 0
github.com/kmcd/xray/internal/connectors/github/file_metrics.go:94.3,103.19 7 0
github.com/kmcd/xray/internal/connectors/github/file_metrics.go:103.19,112.4 8 0
github.com/kmcd/xray/internal/connectors/github/file_metrics.go:114.3,114.51 1 0
github.com/kmcd/xray/internal/connectors/github/file_metrics.go:114.51,116.4 1 0
github.com/kmcd/xray/internal/connectors/github/file_metrics.go:117.3,117.13 1 0
github.com/kmcd/xray/internal/connectors/github/file_metrics.go:127.69,128.62 1 0
github.com/kmcd/xray/internal/connectors/github/file_metrics.go:128.62,130.3 1 0
github.com/kmcd/xray/internal/connectors/github/file_metrics.go:131.2,131.14 1 0
github.com/kmcd/xray/internal/connectors/github/file_metrics.go:131.14,133.3 1 0
github.com/kmcd/xray/internal/connectors/github/file_metrics.go:134.2,134.37 1 0
github.com/kmcd/xray/internal/connectors/github/file_metrics.go:134.37,136.3 1 0
github.com/kmcd/xray/internal/connectors/github/file_metrics.go:137.2,138.13 2 0
github.com/kmcd/xray/internal/connectors/github/file_metrics.go:143.32,145.86 2 11
github.com/kmcd/xray/internal/connectors/github/file_metrics.go:145.86,147.3 1 2
github.com/kmcd/xray/internal/connectors/github/file_metrics.go:148.2,148.76 1 9
github.com/kmcd/xray/internal/connectors/github/file_metrics.go:148.76,150.3 1 2
github.com/kmcd/xray/internal/connectors/github/file_metrics.go:151.2,156.38 4 7
github.com/kmcd/xray/internal/connectors/github/file_metrics.go:156.38,158.3 1 2
github.com/kmcd/xray/internal/connectors/github/file_metrics.go:159.2,159.74 1 5
github.com/kmcd/xray/internal/connectors/github/file_metrics.go:159.74,161.3 1 2
github.com/kmcd/xray/internal/connectors/github/file_metrics.go:162.2,162.14 1 3
github.com/kmcd/xray/internal/connectors/github/file_metrics.go:194.42,197.2 2 20
github.com/kmcd/xray/internal/connectors/github/file_metrics.go:212.42,223.23 3 10
github.com/kmcd/xray/internal/connectors/github/file_metrics.go:223.23,225.3 1 1
github.com/kmcd/xray/internal/connectors/github/file_metrics.go:227.2,228.37 2 9
github.com/kmcd/xray/internal/connectors/github/file_metrics.go:228.37,229.46 1 313
github.com/kmcd/xray/internal/connectors/github/file_metrics.go:229.46,232.60 2 48
github.com/kmcd/xray/internal/connectors/github/file_metrics.go:232.60,234.5 1 2
github.com/kmcd/xray/internal/connectors/github/file_metrics.go:237.4,237.58 1 48
github.com/kmcd/xray/internal/connectors/github/file_metrics.go:237.58,239.13 2 8
github.com/kmcd/xray/internal/connectors/github/file_metrics.go:242.4,244.37 3 40
github.com/kmcd/xray/internal/connectors/github/file_metrics.go:244.37,246.5 1 29
github.com/kmcd/xray/internal/connectors/github/file_metrics.go:248.4,248.30 1 40
github.com/kmcd/xray/internal/connectors/github/file_metrics.go:248.30,250.5 1 4
github.com/kmcd/xray/internal/connectors/github/file_metrics.go:250.10,253.26 3 36
github.com/kmcd/xray/internal/connectors/github/file_metrics.go:253.26,255.6 1 3
github.com/kmcd/xray/internal/connectors/github/file_metrics.go:256.5,257.18 2 36
github.com/kmcd/xray/internal/connectors/github/file_metrics.go:259.4,259.17 1 40
github.com/kmcd/xray/internal/connectors/github/file_metrics.go:263.2,263.21 1 9
github.com/kmcd/xray/internal/connectors/github/file_metrics.go:263.21,265.3 1 9
github.com/kmcd/xray/internal/connectors/github/file_metrics.go:266.2,267.10 2 9
github.com/kmcd/xray/internal/connectors/github/file_metrics.go:270.33,271.22 1 40
github.com/kmcd/xray/internal/connectors/github/file_metrics.go:271.22,272.41 1 49
github.com/kmcd/xray/internal/connectors/github/file_metrics.go:272.41,274.4 1 36
github.com/kmcd/xray/internal/connectors/github/file_metrics.go:276.2,276.13 1 4
github.com/kmcd/xray/internal/connectors/github/file_metrics.go:280.34,282.22 2 42
github.com/kmcd/xray/internal/connectors/github/file_metrics.go:282.22,283.12 1 62
github.com/kmcd/xray/internal/connectors/github/file_metrics.go:284.12,285.7 1 15
github.com/kmcd/xray/internal/connectors/github/file_metrics.go:286.13,287.10 1 6
github.com/kmcd/xray/internal/connectors/github/file_metrics.go:288.11,289.12 1 41
github.com/kmcd/xray/internal/connectors/github/file_metrics.go:292.2,292.10 1 1
github.com/kmcd/xray/internal/connectors/github/file_metrics.go:296.40,297.20 1 14
github.com/kmcd/xray/internal/connectors/github/file_metrics.go:297.20,299.3 1 1
github.com/kmcd/xray/internal/connectors/github/file_metrics.go:300.2,305.14 5 13
github.com/kmcd/xray/internal/connectors/github/file_metrics.go:305.14,307.3 1 0
github.com/kmcd/xray/internal/connectors/github/file_metrics.go:308.2,308.24 1 13
github.com/kmcd/xray/internal/connectors/github/file_metrics.go:308.24,310.3 1 0
github.com/kmcd/xray/internal/connectors/github/file_metrics.go:311.2,311.23 1 13
github.com/kmcd/xray/internal/connectors/github/github.go:40.54,42.2 1 0
github.com/kmcd/xray/internal/connectors/github/github.go:45.35,45.54 1 0
github.com/kmcd/xray/internal/connectors/github/github.go:52.71,53.21 1 0
github.com/kmcd/xray/internal/connectors/github/github.go:53.21,55.3 1 0
github.com/kmcd/xray/internal/connectors/github/github.go:56.2,56.16 1 0
github.com/kmcd/xray/internal/connectors/github/github.go:56.16,58.3 1 0
github.com/kmcd/xray/internal/connectors/github/github.go:60.2,65.60 3 0
github.com/kmcd/xray/internal/connectors/github/github.go:65.60,71.3 1 0
github.com/kmcd/xray/internal/connectors/github/github.go:71.8,77.3 1 0
github.com/kmcd/xray/internal/connectors/github/github.go:79.2,90.8 3 0
github.com/kmcd/xray/internal/connectors/github/harness.go:23.153,26.32 3 0
github.com/kmcd/xray/internal/connectors/github/harness.go:26.32,28.3 1 0
github.com/kmcd/xray/internal/connectors/github/harness.go:29.2,30.19 2 0
github.com/kmcd/xray/internal/connectors/github/harness.go:30.19,32.3 1 0
github.com/kmcd/xray/internal/connectors/github/harness.go:34.2,34.79 1 0
github.com/kmcd/xray/internal/connectors/github/harness.go:34.79,35.23 1 0
github.com/kmcd/xray/internal/connectors/github/harness.go:35.23,37.4 1 0
github.com/kmcd/xray/internal/connectors/github/harness.go:38.3,38.17 1 0
github.com/kmcd/xray/internal/connectors/github/harness.go:38.17,40.4 1 0
github.com/kmcd/xray/internal/connectors/github/harness.go:41.3,42.20 2 0
github.com/kmcd/xray/internal/connectors/github/harness.go:42.20,44.4 1 0
github.com/kmcd/xray/internal/connectors/github/harness.go:45.3,45.81 1 0
github.com/kmcd/xray/internal/connectors/github/harness.go:45.81,46.20 1 0
github.com/kmcd/xray/internal/connectors/github/harness.go:46.20,48.5 1 0
github.com/kmcd/xray/internal/connectors/github/harness.go:49.4,49.14 1 0
github.com/kmcd/xray/internal/connectors/github/harness.go:51.3,51.19 1 0
github.com/kmcd/xray/internal/connectors/github/harness.go:51.19,53.4 1 0
github.com/kmcd/xray/internal/connectors/github/harness.go:54.3,54.31 1 0
github.com/kmcd/xray/internal/connectors/github/harness.go:54.31,56.4 1 0
github.com/kmcd/xray/internal/connectors/github/harness.go:58.3,60.15 3 0
github.com/kmcd/xray/internal/connectors/github/harness.go:60.15,62.4 1 0
github.com/kmcd/xray/internal/connectors/github/harness.go:66.3,67.31 2 0
github.com/kmcd/xray/internal/connectors/github/harness.go:67.31,69.18 2 0
github.com/kmcd/xray/internal/connectors/github/harness.go:69.18,71.5 1 0
github.com/kmcd/xray/internal/connectors/github/harness.go:72.4,73.11 2 0
github.com/kmcd/xray/internal/connectors/github/harness.go:73.11,75.5 1 0
github.com/kmcd/xray/internal/connectors/github/harness.go:76.4,77.21 2 0
github.com/kmcd/xray/internal/connectors/github/harness.go:81.3,82.36 2 0
github.com/kmcd/xray/internal/connectors/github/harness.go:82.36,84.18 2 0
github.com/kmcd/xray/internal/connectors/github/harness.go:84.18,87.5 2 0
github.com/kmcd/xray/internal/connectors/github/harness.go:91.3,91.21 1 0
github.com/kmcd/xray/internal/connectors/github/harness.go:91.21,93.4 1 0
github.com/kmcd/xray/internal/connectors/github/harness.go:94.3,97.20 3 0
github.com/kmcd/xray/internal/connectors/github/harness.go:97.20,99.4 1 0
github.com/kmcd/xray/internal/connectors/github/harness.go:101.3,111.16 2 0
github.com/kmcd/xray/internal/connectors/github/harness.go:111.16,113.4 1 0
github.com/kmcd/xray/internal/connectors/github/harness.go:115.3,115.56 1 0
github.com/kmcd/xray/internal/connectors/github/harness.go:115.56,117.4 1 0
github.com/kmcd/xray/internal/connectors/github/harness.go:118.3,118.13 1 0
github.com/kmcd/xray/internal/connectors/github/harness.go:126.70,130.45 2 24
github.com/kmcd/xray/internal/connectors/github/harness.go:130.45,132.3 1 1
github.com/kmcd/xray/internal/connectors/github/harness.go:133.2,133.56 1 23
github.com/kmcd/xray/internal/connectors/github/harness.go:133.56,136.10 2 5
github.com/kmcd/xray/internal/connectors/github/harness.go:137.42,138.39 1 1
github.com/kmcd/xray/internal/connectors/github/harness.go:139.43,140.40 1 1
github.com/kmcd/xray/internal/connectors/github/harness.go:141.43,142.40 1 1
github.com/kmcd/xray/internal/connectors/github/harness.go:143.45,144.42 1 1
github.com/kmcd/xray/internal/connectors/github/harness.go:145.11,146.55 1 1
github.com/kmcd/xray/internal/connectors/github/harness.go:146.55,148.5 1 1
github.com/kmcd/xray/internal/connectors/github/harness.go:149.4,149.46 1 0
github.com/kmcd/xray/internal/connectors/github/harness.go:154.2,154.22 1 18
github.com/kmcd/xray/internal/connectors/github/harness.go:154.22,156.3 1 1
github.com/kmcd/xray/internal/connectors/github/harness.go:159.2,159.25 1 17
github.com/kmcd/xray/internal/connectors/github/harness.go:159.25,161.3 1 1
github.com/kmcd/xray/internal/connectors/github/harness.go:162.2,162.68 1 16
github.com/kmcd/xray/internal/connectors/github/harness.go:162.68,164.3 1 2
github.com/kmcd/xray/internal/connectors/github/harness.go:167.2,167.44 1 14
github.com/kmcd/xray/internal/connectors/github/harness.go:167.44,169.3 1 1
github.com/kmcd/xray/internal/connectors/github/harness.go:172.2,172.61 1 13
github.com/kmcd/xray/internal/connectors/github/harness.go:172.61,174.3 1 3
github.com/kmcd/xray/internal/connectors/github/harness.go:177.2,177.27 1 10
github.com/kmcd/xray/internal/connectors/github/harness.go:177.27,179.3 1 1
github.com/kmcd/xray/internal/connectors/github/harness.go:182.2,182.60 1 9
github.com/kmcd/xray/internal/connectors/github/harness.go:182.60,184.3 1 1
github.com/kmcd/xray/internal/connectors/github/harness.go:187.2,187.44 1 8
github.com/kmcd/xray/internal/connectors/github/harness.go:187.44,189.3 1 2
github.com/kmcd/xray/internal/connectors/github/harness.go:192.2,192.23 1 6
github.com/kmcd/xray/internal/connectors/github/harness.go:192.23,194.3 1 2
github.com/kmcd/xray/internal/connectors/github/harness.go:196.2,196.22 1 4
github.com/kmcd/xray/internal/connectors/github/harness.go:201.36,202.49 1 12
github.com/kmcd/xray/internal/connectors/github/harness.go:202.49,204.3 1 5
github.com/kmcd/xray/internal/connectors/github/harness.go:205.2,206.78 2 7
github.com/kmcd/xray/internal/connectors/github/harness.go:224.59,226.27 2 6
github.com/kmcd/xray/internal/connectors/github/harness.go:226.27,227.46 1 15
github.com/kmcd/xray/internal/connectors/github/harness.go:227.46,229.4 1 5
github.com/kmcd/xray/internal/connectors/github/harness.go:231.2,231.18 1 1
github.com/kmcd/xray/internal/connectors/github/harness.go:236.31,237.17 1 7
github.com/kmcd/xray/internal/connectors/github/harness.go:237.17,239.3 1 1
github.com/kmcd/xray/internal/connectors/github/harness.go:240.2,241.25 2 6
github.com/kmcd/xray/internal/connectors/github/harness.go:241.25,243.3 1 2
github.com/kmcd/xray/internal/connectors/github/harness.go:244.2,244.10 1 6
github.com/kmcd/xray/internal/connectors/github/languages.go:12.135,14.9 2 0
github.com/kmcd/xray/internal/connectors/github/languages.go:14.9,16.3 1 0
github.com/kmcd/xray/internal/connectors/github/languages.go:17.2,18.16 2 0
github.com/kmcd/xray/internal/connectors/github/languages.go:18.16,20.3 1 0
github.com/kmcd/xray/internal/connectors/github/languages.go:21.2,21.33 1 0
github.com/kmcd/xray/internal/connectors/github/languages.go:21.33,23.54 2 0
github.com/kmcd/xray/internal/connectors/github/languages.go:23.54,24.43 1 0
github.com/kmcd/xray/internal/connectors/github/languages.go:24.43,26.5 1 0
github.com/kmcd/xray/internal/connectors/github/languages.go:27.4,27.12 1 0
github.com/kmcd/xray/internal/connectors/github/languages.go:29.3,29.40 1 0
github.com/kmcd/xray/internal/connectors/github/languages.go:31.2,31.12 1 0
github.com/kmcd/xray/internal/connectors/github/ping.go:8.53,11.2 2 0
github.com/kmcd/xray/internal/connectors/github/pr_comments.go:14.142,16.9 2 0
github.com/kmcd/xray/internal/connectors/github/pr_comments.go:16.9,18.3 1 0
[...]
github.com/kmcd/xray/internal/store/store.go:179.14,181.3 1 1
github.com/kmcd/xray/internal/store/store.go:182.2,182.11 1 1
github.com/kmcd/xray/internal/store/store.go:185.27,186.14 1 1
github.com/kmcd/xray/internal/store/store.go:186.14,188.3 1 1
github.com/kmcd/xray/internal/store/store.go:189.2,189.11 1 0
github.com/kmcd/xray/internal/store/store.go:192.22,193.7 1 27
github.com/kmcd/xray/internal/store/store.go:193.7,195.3 1 3
github.com/kmcd/xray/internal/store/store.go:196.2,196.10 1 24
github.com/kmcd/xray/internal/store/store.go:199.25,200.13 1 51
github.com/kmcd/xray/internal/store/store.go:200.13,202.3 1 39
github.com/kmcd/xray/internal/store/store.go:203.2,203.10 1 12
github.com/kmcd/xray/internal/store/store.go:208.48,219.2 4 1
github.com/kmcd/xray/internal/store/store.go:221.57,226.2 4 1
github.com/kmcd/xray/internal/store/store.go:228.64,233.2 4 1
github.com/kmcd/xray/internal/store/store.go:235.52,240.2 4 1
github.com/kmcd/xray/internal/store/store.go:242.72,250.2 4 1
github.com/kmcd/xray/internal/store/store.go:252.58,257.2 4 1
github.com/kmcd/xray/internal/store/store.go:259.52,271.2 4 1
github.com/kmcd/xray/internal/store/store.go:273.60,281.2 4 1
github.com/kmcd/xray/internal/store/store.go:283.68,288.2 4 1
github.com/kmcd/xray/internal/store/store.go:290.44,305.2 4 2
github.com/kmcd/xray/internal/store/store.go:307.56,312.2 4 1
github.com/kmcd/xray/internal/store/store.go:314.52,319.2 4 1
github.com/kmcd/xray/internal/store/store.go:321.58,329.2 4 1
github.com/kmcd/xray/internal/store/store.go:331.70,336.2 4 1
github.com/kmcd/xray/internal/store/store.go:338.54,343.2 4 1
github.com/kmcd/xray/internal/store/store.go:345.50,355.2 4 1
github.com/kmcd/xray/internal/store/store.go:357.56,365.2 4 1
github.com/kmcd/xray/internal/store/store.go:367.52,376.2 4 1
github.com/kmcd/xray/internal/store/store.go:378.54,383.2 4 1
github.com/kmcd/xray/internal/store/store.go:385.56,395.2 4 1
github.com/kmcd/xray/internal/store/store.go:397.52,402.2 4 1
github.com/kmcd/xray/internal/store/store.go:404.60,415.2 4 1
github.com/kmcd/xray/internal/store/store.go:417.70,426.2 4 1
github.com/kmcd/xray/internal/ratelimit/ratelimit.go:23.29,25.2 1 0
github.com/kmcd/xray/internal/ratelimit/ratelimit.go:35.117,36.24 1 6
github.com/kmcd/xray/internal/ratelimit/ratelimit.go:36.24,38.3 1 0
github.com/kmcd/xray/internal/ratelimit/ratelimit.go:39.2,39.29 1 6
github.com/kmcd/xray/internal/ratelimit/ratelimit.go:39.29,41.3 1 0
github.com/kmcd/xray/internal/ratelimit/ratelimit.go:42.2,42.16 1 6
github.com/kmcd/xray/internal/ratelimit/ratelimit.go:42.16,44.3 1 6
github.com/kmcd/xray/internal/ratelimit/ratelimit.go:46.2,56.56 9 6
github.com/kmcd/xray/internal/ratelimit/ratelimit.go:56.56,58.22 1 11
github.com/kmcd/xray/internal/ratelimit/ratelimit.go:58.22,62.4 3 4
github.com/kmcd/xray/internal/ratelimit/ratelimit.go:64.3,65.17 2 11
github.com/kmcd/xray/internal/ratelimit/ratelimit.go:65.17,67.32 2 1
github.com/kmcd/xray/internal/ratelimit/ratelimit.go:67.32,69.5 1 0
github.com/kmcd/xray/internal/ratelimit/ratelimit.go:70.9,73.37 3 10
github.com/kmcd/xray/internal/ratelimit/ratelimit.go:73.37,78.5 1 5
github.com/kmcd/xray/internal/ratelimit/ratelimit.go:79.4,79.32 1 5
github.com/kmcd/xray/internal/ratelimit/ratelimit.go:79.32,81.5 1 0
github.com/kmcd/xray/internal/ratelimit/ratelimit.go:84.3,85.38 2 6
github.com/kmcd/xray/internal/ratelimit/ratelimit.go:85.38,86.23 1 0
github.com/kmcd/xray/internal/ratelimit/ratelimit.go:86.23,88.5 1 0
github.com/kmcd/xray/internal/ratelimit/ratelimit.go:89.4,89.64 1 0
github.com/kmcd/xray/internal/ratelimit/ratelimit.go:91.3,100.10 4 6
github.com/kmcd/xray/internal/ratelimit/ratelimit.go:101.21,103.23 2 1
github.com/kmcd/xray/internal/ratelimit/ratelimit.go:103.23,105.5 1 1
github.com/kmcd/xray/internal/ratelimit/ratelimit.go:106.4,106.25 1 1
github.com/kmcd/xray/internal/ratelimit/ratelimit.go:107.14,107.14 0 5
github.com/kmcd/xray/internal/ratelimit/ratelimit.go:111.2,111.21 1 0
github.com/kmcd/xray/internal/ratelimit/ratelimit.go:111.21,113.3 1 0
github.com/kmcd/xray/internal/ratelimit/ratelimit.go:114.2,114.21 1 0
github.com/kmcd/xray/internal/ratelimit/ratelimit.go:117.35,118.42 1 10
github.com/kmcd/xray/internal/ratelimit/ratelimit.go:118.42,120.3 1 3
github.com/kmcd/xray/internal/ratelimit/ratelimit.go:121.2,121.36 1 7
github.com/kmcd/xray/internal/ratelimit/ratelimit.go:121.36,123.3 1 2
github.com/kmcd/xray/internal/ratelimit/ratelimit.go:124.2,124.14 1 5
github.com/kmcd/xray/internal/ratelimit/ratelimit.go:129.82,130.17 1 6
github.com/kmcd/xray/internal/ratelimit/ratelimit.go:130.17,131.67 1 5
github.com/kmcd/xray/internal/ratelimit/ratelimit.go:131.67,133.4 1 4
github.com/kmcd/xray/internal/ratelimit/ratelimit.go:134.3,134.77 1 1
github.com/kmcd/xray/internal/ratelimit/ratelimit.go:134.77,136.4 1 1
github.com/kmcd/xray/internal/ratelimit/ratelimit.go:138.2,139.23 2 1
github.com/kmcd/xray/internal/ratelimit/ratelimit.go:139.23,141.3 1 0
github.com/kmcd/xray/internal/ratelimit/ratelimit.go:142.2,142.10 1 1
github.com/kmcd/xray/internal/ratelimit/ratelimit.go:145.54,146.13 1 5
github.com/kmcd/xray/internal/ratelimit/ratelimit.go:146.13,148.3 1 1
github.com/kmcd/xray/internal/ratelimit/ratelimit.go:149.2,149.46 1 4
github.com/kmcd/xray/internal/ratelimit/ratelimit.go:149.46,150.15 1 4
github.com/kmcd/xray/internal/ratelimit/ratelimit.go:150.15,152.4 1 0
github.com/kmcd/xray/internal/ratelimit/ratelimit.go:153.3,153.49 1 4
github.com/kmcd/xray/internal/ratelimit/ratelimit.go:155.2,155.45 1 0
github.com/kmcd/xray/internal/ratelimit/ratelimit.go:155.45,157.12 2 0
github.com/kmcd/xray/internal/ratelimit/ratelimit.go:157.12,159.4 1 0
github.com/kmcd/xray/internal/ratelimit/ratelimit.go:160.3,160.17 1 0
github.com/kmcd/xray/internal/ratelimit/ratelimit.go:162.2,162.17 1 0
github.com/kmcd/xray/internal/ratelimit/ratelimit.go:165.58,166.13 1 1
github.com/kmcd/xray/internal/ratelimit/ratelimit.go:166.13,168.3 1 0
github.com/kmcd/xray/internal/ratelimit/ratelimit.go:169.2,170.16 2 1
github.com/kmcd/xray/internal/ratelimit/ratelimit.go:170.16,172.3 1 0
github.com/kmcd/xray/internal/ratelimit/ratelimit.go:173.2,175.11 3 1
github.com/kmcd/xray/internal/ratelimit/ratelimit.go:175.11,177.3 1 1
github.com/kmcd/xray/internal/ratelimit/ratelimit.go:178.2,178.16 1 0
github.com/kmcd/xray/internal/ratelimit/ratelimit.go:191.74,193.17 2 0
github.com/kmcd/xray/internal/ratelimit/ratelimit.go:193.17,195.3 1 0
github.com/kmcd/xray/internal/ratelimit/ratelimit.go:196.2,196.75 1 0
github.com/kmcd/xray/internal/ratelimit/ratelimit.go:196.75,201.3 1 0
github.com/kmcd/xray/internal/connector/connector.go:13.44,15.2 1 0
github.com/kmcd/xray/internal/connector/connector.go:42.60,52.2 1 0
github.com/kmcd/xray/internal/archive/archive.go:17.64,19.16 2 0
github.com/kmcd/xray/internal/archive/archive.go:19.16,21.3 1 0
github.com/kmcd/xray/internal/archive/archive.go:22.2,33.32 8 0
github.com/kmcd/xray/internal/archive/archive.go:33.32,35.3 1 0
github.com/kmcd/xray/internal/archive/archive.go:36.2,36.42 1 0
github.com/kmcd/xray/internal/archive/archive.go:36.42,36.86 1 0
github.com/kmcd/xray/internal/archive/archive.go:38.2,38.28 1 0
github.com/kmcd/xray/internal/archive/archive.go:38.28,39.55 1 0
github.com/kmcd/xray/internal/archive/archive.go:39.55,41.4 1 0
github.com/kmcd/xray/internal/archive/archive.go:43.2,43.12 1 0
github.com/kmcd/xray/internal/archive/archive.go:46.68,48.16 2 0
github.com/kmcd/xray/internal/archive/archive.go:48.16,50.3 1 0
github.com/kmcd/xray/internal/archive/archive.go:51.2,54.16 3 0
github.com/kmcd/xray/internal/archive/archive.go:54.16,56.3 1 0
github.com/kmcd/xray/internal/archive/archive.go:58.2,65.44 2 0
github.com/kmcd/xray/internal/archive/archive.go:65.44,67.3 1 0
github.com/kmcd/xray/internal/archive/archive.go:68.2,68.42 1 0
github.com/kmcd/xray/internal/archive/archive.go:68.42,70.3 1 0
github.com/kmcd/xray/internal/archive/archive.go:71.2,71.12 1 0
github.com/kmcd/xray/internal/gitcli/gitcli.go:25.31,26.17 1 0
github.com/kmcd/xray/internal/gitcli/gitcli.go:26.17,28.3 1 0
github.com/kmcd/xray/internal/gitcli/gitcli.go:29.2,29.14 1 0
github.com/kmcd/xray/internal/gitcli/gitcli.go:32.37,33.18 1 0
github.com/kmcd/xray/internal/gitcli/gitcli.go:33.18,35.3 1 0
github.com/kmcd/xray/internal/gitcli/gitcli.go:36.2,36.14 1 0
github.com/kmcd/xray/internal/gitcli/gitcli.go:39.87,41.15 2 0
github.com/kmcd/xray/internal/gitcli/gitcli.go:41.15,43.3 1 0
github.com/kmcd/xray/internal/gitcli/gitcli.go:44.2,48.34 5 0
github.com/kmcd/xray/internal/gitcli/gitcli.go:48.34,50.3 1 0
github.com/kmcd/xray/internal/gitcli/gitcli.go:51.2,51.29 1 0
github.com/kmcd/xray/internal/gitcli/gitcli.go:57.94,58.41 1 0
github.com/kmcd/xray/internal/gitcli/gitcli.go:58.41,60.3 1 0
github.com/kmcd/xray/internal/gitcli/gitcli.go:60.8,60.44 1 0
github.com/kmcd/xray/internal/gitcli/gitcli.go:60.44,62.3 1 0
github.com/kmcd/xray/internal/gitcli/gitcli.go:63.2,71.12 4 0
github.com/kmcd/xray/internal/gitcli/gitcli.go:75.67,79.2 3 0
github.com/kmcd/xray/internal/gitcli/gitcli.go:82.81,85.2 2 0
github.com/kmcd/xray/internal/gitcli/gitcli.go:89.87,91.16 2 0
github.com/kmcd/xray/internal/gitcli/gitcli.go:91.16,93.3 1 0
github.com/kmcd/xray/internal/gitcli/gitcli.go:94.2,97.36 3 0
github.com/kmcd/xray/internal/gitcli/gitcli.go:97.36,99.3 1 0
github.com/kmcd/xray/internal/gitcli/gitcli.go:100.2,100.20 1 0
github.com/kmcd/xray/internal/gitcli/gitcli.go:139.131,164.18 3 0
github.com/kmcd/xray/internal/gitcli/gitcli.go:164.18,166.3 1 0
github.com/kmcd/xray/internal/gitcli/gitcli.go:168.2,169.16 2 0
github.com/kmcd/xray/internal/gitcli/gitcli.go:169.16,171.3 1 0
github.com/kmcd/xray/internal/gitcli/gitcli.go:172.2,172.22 1 0
github.com/kmcd/xray/internal/gitcli/gitcli.go:175.51,180.31 3 0
github.com/kmcd/xray/internal/gitcli/gitcli.go:180.31,182.18 2 0
github.com/kmcd/xray/internal/gitcli/gitcli.go:182.18,183.12 1 0
github.com/kmcd/xray/internal/gitcli/gitcli.go:186.3,187.14 2 0
github.com/kmcd/xray/internal/gitcli/gitcli.go:187.14,189.4 1 0
github.com/kmcd/xray/internal/gitcli/gitcli.go:190.3,194.23 4 0
github.com/kmcd/xray/internal/gitcli/gitcli.go:194.23,196.4 1 0
github.com/kmcd/xray/internal/gitcli/gitcli.go:197.3,206.64 2 0
github.com/kmcd/xray/internal/gitcli/gitcli.go:206.64,208.4 1 0
github.com/kmcd/xray/internal/gitcli/gitcli.go:209.3,209.64 1 0
github.com/kmcd/xray/internal/gitcli/gitcli.go:209.64,211.4 1 0
github.com/kmcd/xray/internal/gitcli/gitcli.go:212.3,212.49 1 0
github.com/kmcd/xray/internal/gitcli/gitcli.go:212.49,214.4 1 0
github.com/kmcd/xray/internal/gitcli/gitcli.go:218.3,219.33 2 0
github.com/kmcd/xray/internal/gitcli/gitcli.go:221.2,221.21 1 0
github.com/kmcd/xray/internal/gitcli/gitcli.go:228.40,237.42 5 0
github.com/kmcd/xray/internal/gitcli/gitcli.go:237.42,238.32 1 0
github.com/kmcd/xray/internal/gitcli/gitcli.go:238.32,240.4 1 0
github.com/kmcd/xray/internal/gitcli/gitcli.go:241.3,244.11 4 0
github.com/kmcd/xray/internal/gitcli/gitcli.go:247.2,247.28 1 0
github.com/kmcd/xray/internal/gitcli/gitcli.go:247.28,249.17 2 0
github.com/kmcd/xray/internal/gitcli/gitcli.go:249.17,250.12 1 0
github.com/kmcd/xray/internal/gitcli/gitcli.go:252.3,256.72 2 0
github.com/kmcd/xray/internal/gitcli/gitcli.go:256.72,264.12 7 0
github.com/kmcd/xray/internal/gitcli/gitcli.go:267.3,267.22 1 0
github.com/kmcd/xray/internal/gitcli/gitcli.go:267.22,269.11 2 0
github.com/kmcd/xray/internal/gitcli/gitcli.go:270.73,272.20 2 0
github.com/kmcd/xray/internal/gitcli/gitcli.go:273.68,274.24 1 0
github.com/kmcd/xray/internal/gitcli/gitcli.go:274.24,278.6 3 0
github.com/kmcd/xray/internal/gitcli/gitcli.go:283.2,284.29 2 0
github.com/kmcd/xray/internal/gitcli/gitcli.go:284.29,287.19 3 0
github.com/kmcd/xray/internal/gitcli/gitcli.go:287.19,289.4 1 0
github.com/kmcd/xray/internal/gitcli/gitcli.go:290.3,296.5 1 0
github.com/kmcd/xray/internal/gitcli/gitcli.go:298.2,298.12 1 0
github.com/kmcd/xray/internal/gitcli/gitcli.go:301.33,302.14 1 0
github.com/kmcd/xray/internal/gitcli/gitcli.go:302.14,304.3 1 0
github.com/kmcd/xray/internal/gitcli/gitcli.go:305.2,305.13 1 0
github.com/kmcd/xray/internal/gitcli/gitcli.go:305.13,307.3 1 0
github.com/kmcd/xray/internal/gitcli/gitcli.go:308.2,308.22 1 0
github.com/kmcd/xray/internal/gitcli/gitcli.go:308.22,309.25 1 0
github.com/kmcd/xray/internal/gitcli/gitcli.go:309.25,311.4 1 0
github.com/kmcd/xray/internal/gitcli/gitcli.go:313.2,313.13 1 0
github.com/kmcd/xray/internal/gitcli/gitcli.go:320.109,326.16 2 0
github.com/kmcd/xray/internal/gitcli/gitcli.go:326.16,328.3 1 0
github.com/kmcd/xray/internal/gitcli/gitcli.go:329.2,330.15 2 0
github.com/kmcd/xray/internal/gitcli/gitcli.go:330.15,332.3 1 0
github.com/kmcd/xray/internal/gitcli/gitcli.go:333.2,335.16 3 0
github.com/kmcd/xray/internal/gitcli/gitcli.go:335.16,337.3 1 0
github.com/kmcd/xray/internal/gitcli/gitcli.go:338.2,339.20 2 0
github.com/kmcd/xray/internal/gitcli/gitcli.go:339.20,341.17 2 0
github.com/kmcd/xray/internal/gitcli/gitcli.go:341.17,343.4 1 0
github.com/kmcd/xray/internal/gitcli/gitcli.go:345.2,345.39 1 0
github.com/kmcd/xray/internal/gitcli/gitcli.go:348.59,350.21 2 0
github.com/kmcd/xray/internal/gitcli/gitcli.go:350.21,352.3 1 0
github.com/kmcd/xray/internal/gitcli/gitcli.go:353.2,354.16 2 0
github.com/kmcd/xray/internal/gitcli/gitcli.go:354.16,356.3 1 0
github.com/kmcd/xray/internal/gitcli/gitcli.go:357.2,357.31 1 0
github.com/kmcd/xray/cmd/xray/check.go:16.35,21.55 1 0
github.com/kmcd/xray/cmd/xray/check.go:21.55,27.18 5 0
github.com/kmcd/xray/cmd/xray/check.go:27.18,30.5 2 0
github.com/kmcd/xray/cmd/xray/check.go:31.4,32.22 2 0
github.com/kmcd/xray/cmd/xray/check.go:32.22,33.29 1 0
github.com/kmcd/xray/cmd/xray/check.go:33.29,35.6 1 0
github.com/kmcd/xray/cmd/xray/check.go:36.5,36.55 1 0
github.com/kmcd/xray/cmd/xray/check.go:38.4,41.50 3 0
github.com/kmcd/xray/cmd/xray/check.go:41.50,44.5 2 0
github.com/kmcd/xray/cmd/xray/check.go:44.10,46.5 1 0
github.com/kmcd/xray/cmd/xray/check.go:48.4,50.18 3 0
github.com/kmcd/xray/cmd/xray/check.go:50.18,53.5 2 0
github.com/kmcd/xray/cmd/xray/check.go:54.4,55.28 2 0
github.com/kmcd/xray/cmd/xray/check.go:55.28,56.39 1 0
github.com/kmcd/xray/cmd/xray/check.go:56.39,59.6 2 0
github.com/kmcd/xray/cmd/xray/check.go:59.11,61.6 1 0
github.com/kmcd/xray/cmd/xray/check.go:64.4,67.28 4 0
github.com/kmcd/xray/cmd/xray/check.go:67.28,68.54 1 0
github.com/kmcd/xray/cmd/xray/check.go:68.54,71.6 2 0
github.com/kmcd/xray/cmd/xray/check.go:71.11,73.6 1 0
github.com/kmcd/xray/cmd/xray/check.go:76.4,76.15 1 0
github.com/kmcd/xray/cmd/xray/check.go:76.15,78.5 1 0
github.com/kmcd/xray/cmd/xray/check.go:79.4,79.14 1 0
github.com/kmcd/xray/cmd/xray/errors.go:12.36,12.60 1 0
github.com/kmcd/xray/cmd/xray/errors.go:13.36,13.52 1 0
github.com/kmcd/xray/cmd/xray/errors.go:16.44,18.2 1 0
github.com/kmcd/xray/cmd/xray/errors.go:20.31,23.2 2 0
github.com/kmcd/xray/cmd/xray/errors.go:25.33,27.24 2 0
github.com/kmcd/xray/cmd/xray/errors.go:27.24,29.3 1 0
github.com/kmcd/xray/cmd/xray/errors.go:30.2,30.10 1 0
github.com/kmcd/xray/cmd/xray/init.go:24.34,30.52 2 0
github.com/kmcd/xray/cmd/xray/init.go:30.52,31.22 1 0
github.com/kmcd/xray/cmd/xray/init.go:31.22,33.5 1 0
github.com/kmcd/xray/cmd/xray/init.go:34.4,35.17 2 0
github.com/kmcd/xray/cmd/xray/init.go:35.17,37.5 1 0
github.com/kmcd/xray/cmd/xray/init.go:38.4,38.17 1 0
github.com/kmcd/xray/cmd/xray/init.go:38.17,40.5 1 0
github.com/kmcd/xray/cmd/xray/init.go:41.4,41.19 1 0
github.com/kmcd/xray/cmd/xray/init.go:41.19,42.48 1 0
github.com/kmcd/xray/cmd/xray/init.go:42.48,44.6 1 0
github.com/kmcd/xray/cmd/xray/init.go:47.4,49.18 3 0
github.com/kmcd/xray/cmd/xray/init.go:49.18,51.5 1 0
github.com/kmcd/xray/cmd/xray/init.go:52.4,52.23 1 0
github.com/kmcd/xray/cmd/xray/init.go:52.23,54.5 1 0
github.com/kmcd/xray/cmd/xray/init.go:55.4,58.18 3 0
github.com/kmcd/xray/cmd/xray/init.go:58.18,60.5 1 0
github.com/kmcd/xray/cmd/xray/init.go:61.4,61.70 1 0
github.com/kmcd/xray/cmd/xray/init.go:61.70,63.5 1 0
github.com/kmcd/xray/cmd/xray/init.go:64.4,66.14 3 0
github.com/kmcd/xray/cmd/xray/init.go:69.2,73.12 5 0
github.com/kmcd/xray/cmd/xray/init.go:78.77,87.6 6 0
github.com/kmcd/xray/cmd/xray/init.go:87.6,89.17 2 0
github.com/kmcd/xray/cmd/xray/init.go:89.17,91.4 1 0
github.com/kmcd/xray/cmd/xray/init.go:92.3,92.26 1 0
github.com/kmcd/xray/cmd/xray/init.go:92.26,93.37 1 0
github.com/kmcd/xray/cmd/xray/init.go:93.37,94.13 1 0
github.com/kmcd/xray/cmd/xray/init.go:96.4,96.38 1 0
github.com/kmcd/xray/cmd/xray/init.go:98.3,98.40 1 0
github.com/kmcd/xray/cmd/xray/init.go:98.40,99.9 1 0
github.com/kmcd/xray/cmd/xray/init.go:101.3,101.27 1 0
github.com/kmcd/xray/cmd/xray/init.go:103.2,103.17 1 0
github.com/kmcd/xray/cmd/xray/init.go:152.65,154.16 2 0
github.com/kmcd/xray/cmd/xray/init.go:154.16,156.3 1 0
github.com/kmcd/xray/cmd/xray/init.go:157.2,161.41 2 0
github.com/kmcd/xray/cmd/xray/init.go:161.41,163.3 1 0
github.com/kmcd/xray/cmd/xray/init.go:164.2,164.26 1 0
github.com/kmcd/xray/cmd/xray/main.go:31.34,54.2 5 0
github.com/kmcd/xray/cmd/xray/main.go:56.13,61.49 4 0
github.com/kmcd/xray/cmd/xray/main.go:61.49,64.21 1 0
github.com/kmcd/xray/cmd/xray/main.go:64.21,66.4 1 0
github.com/kmcd/xray/cmd/xray/main.go:67.3,67.28 1 0
github.com/kmcd/xray/cmd/xray/main.go:72.70,74.2 1 0
github.com/kmcd/xray/cmd/xray/run.go:20.33,26.55 2 0
github.com/kmcd/xray/cmd/xray/run.go:26.55,31.18 4 0
github.com/kmcd/xray/cmd/xray/run.go:31.18,34.5 2 0
github.com/kmcd/xray/cmd/xray/run.go:35.4,36.22 2 0
github.com/kmcd/xray/cmd/xray/run.go:36.22,37.29 1 0
github.com/kmcd/xray/cmd/xray/run.go:37.29,39.6 1 0
github.com/kmcd/xray/cmd/xray/run.go:40.5,40.55 1 0
github.com/kmcd/xray/cmd/xray/run.go:43.4,44.21 2 0
github.com/kmcd/xray/cmd/xray/run.go:44.21,47.5 1 0
github.com/kmcd/xray/cmd/xray/run.go:49.4,53.18 4 0
github.com/kmcd/xray/cmd/xray/run.go:53.18,55.5 1 0
github.com/kmcd/xray/cmd/xray/run.go:57.4,64.18 2 0
github.com/kmcd/xray/cmd/xray/run.go:64.18,66.5 1 0
github.com/kmcd/xray/cmd/xray/run.go:67.4,68.14 2 0
github.com/kmcd/xray/cmd/xray/run.go:71.2,74.12 4 0
github.com/kmcd/xray/cmd/xray/validate.go:12.38,17.55 1 0
github.com/kmcd/xray/cmd/xray/validate.go:17.55,20.18 3 0
github.com/kmcd/xray/cmd/xray/validate.go:20.18,23.5 2 0
github.com/kmcd/xray/cmd/xray/validate.go:24.4,25.23 2 0
github.com/kmcd/xray/cmd/xray/validate.go:25.23,28.5 2 0
github.com/kmcd/xray/cmd/xray/validate.go:29.4,29.28 1 0
github.com/kmcd/xray/cmd/xray/validate.go:29.28,31.5 1 0
github.com/kmcd/xray/cmd/xray/validate.go:32.4,32.57 1 0
github.com/kmcd/xray/cmd/xray/version.go:9.37,14.52 1 0
github.com/kmcd/xray/cmd/xray/version.go:14.52,17.4 2 0
github.com/kmcd/xray/cmd/xray/wiring.go:20.91,23.34 2 0
github.com/kmcd/xray/cmd/xray/wiring.go:23.34,25.17 2 0
github.com/kmcd/xray/cmd/xray/wiring.go:25.17,27.4 1 0
github.com/kmcd/xray/cmd/xray/wiring.go:28.3,29.23 2 0
github.com/kmcd/xray/cmd/xray/wiring.go:31.2,31.41 1 0
github.com/kmcd/xray/cmd/xray/wiring.go:31.41,33.17 2 0
github.com/kmcd/xray/cmd/xray/wiring.go:33.17,35.4 1 0
github.com/kmcd/xray/cmd/xray/wiring.go:36.3,36.23 1 0
github.com/kmcd/xray/cmd/xray/wiring.go:38.2,38.36 1 0
github.com/kmcd/xray/cmd/xray/wiring.go:38.36,40.17 2 0
github.com/kmcd/xray/cmd/xray/wiring.go:40.17,42.4 1 0
github.com/kmcd/xray/cmd/xray/wiring.go:43.3,43.23 1 0
github.com/kmcd/xray/cmd/xray/wiring.go:45.2,45.34 1 0
github.com/kmcd/xray/cmd/xray/wiring.go:45.34,47.17 2 0
github.com/kmcd/xray/cmd/xray/wiring.go:47.17,49.4 1 0
github.com/kmcd/xray/cmd/xray/wiring.go:50.3,50.23 1 0
github.com/kmcd/xray/cmd/xray/wiring.go:52.2,52.35 1 0
github.com/kmcd/xray/cmd/xray/wiring.go:52.35,54.17 2 0
github.com/kmcd/xray/cmd/xray/wiring.go:54.17,56.4 1 0
github.com/kmcd/xray/cmd/xray/wiring.go:57.3,57.23 1 0
github.com/kmcd/xray/cmd/xray/wiring.go:59.2,59.37 1 0
github.com/kmcd/xray/cmd/xray/wiring.go:59.37,61.17 2 0
github.com/kmcd/xray/cmd/xray/wiring.go:61.17,63.4 1 0
github.com/kmcd/xray/cmd/xray/wiring.go:64.3,64.23 1 0
github.com/kmcd/xray/cmd/xray/wiring.go:66.2,66.17 1 0
